---------------------------------------------------------------
[ 2020-04-08T21:32:09+08:00 ] 127.0.0.1 GET 127.0.0.1/mytp5/public/index/Login/
[运行时间：0.159882s] [吞吐率：6.25req/s] [内存消耗：1,628.94kb] [文件加载：43]
[ info ] [ LANG ] E:\phpstudy\PHPTutorial\WWW\mytp5\thinkphp\lang\zh-cn.php
[ info ] [ ROUTE ] array (
  'type' => 'module',
  'module' => 
  array (
    0 => 'index',
    1 => 'Login',
    2 => NULL,
  ),
)
[ info ] [ HEADER ] array (
  'host' => '127.0.0.1',
  'connection' => 'keep-alive',
  'upgrade-insecure-requests' => '1',
  'user-agent' => 'Mozilla/5.0 (Windows NT 10.0; Win64; x64) AppleWebKit/537.36 (KHTML, like Gecko) Chrome/80.0.3987.106 Safari/537.36',
  'sec-fetch-dest' => 'document',
  'accept' => 'text/html,application/xhtml+xml,application/xml;q=0.9,image/webp,image/apng,*/*;q=0.8,application/signed-exchange;v=b3;q=0.9',
  'sec-fetch-site' => 'none',
  'sec-fetch-mode' => 'navigate',
  'sec-fetch-user' => '?1',
  'accept-encoding' => 'gzip, deflate, br',
  'accept-language' => 'zh-CN,zh;q=0.9',
)
[ info ] [ PARAM ] array (
)
[ info ] [ RUN ] app\index\controller\LoginController->index[ E:\phpstudy\PHPTutorial\WWW\mytp5\application\index\controller\LoginController.php ]
[ info ] [ VIEW ] E:\phpstudy\PHPTutorial\WWW\mytp5\public/../application/index\view\login\index.html [ array (
) ]
[ info ] [ LOG ] INIT File
---------------------------------------------------------------
[ 2020-04-08T21:32:16+08:00 ] 127.0.0.1 GET 127.0.0.1/mytp5/public/index/index/
[运行时间：0.066374s] [吞吐率：15.07req/s] [内存消耗：1,687.77kb] [文件加载：44]
[ info ] [ LANG ] E:\phpstudy\PHPTutorial\WWW\mytp5\thinkphp\lang\zh-cn.php
[ info ] [ ROUTE ] array (
  'type' => 'module',
  'module' => 
  array (
    0 => 'index',
    1 => 'index',
    2 => NULL,
  ),
)
[ info ] [ HEADER ] array (
  'host' => '127.0.0.1',
  'connection' => 'keep-alive',
  'upgrade-insecure-requests' => '1',
  'user-agent' => 'Mozilla/5.0 (Windows NT 10.0; Win64; x64) AppleWebKit/537.36 (KHTML, like Gecko) Chrome/80.0.3987.106 Safari/537.36',
  'sec-fetch-dest' => 'document',
  'accept' => 'text/html,application/xhtml+xml,application/xml;q=0.9,image/webp,image/apng,*/*;q=0.8,application/signed-exchange;v=b3;q=0.9',
  'purpose' => 'prefetch',
  'sec-fetch-site' => 'none',
  'sec-fetch-mode' => 'navigate',
  'sec-fetch-user' => '?1',
  'accept-encoding' => 'gzip, deflate, br',
  'accept-language' => 'zh-CN,zh;q=0.9',
)
[ info ] [ PARAM ] array (
)
[ info ] [ RUN ] app\index\controller\IndexController->index[ E:\phpstudy\PHPTutorial\WWW\mytp5\application\index\controller\IndexController.php ]
[ info ] [ VIEW ] E:\phpstudy\PHPTutorial\WWW\mytp5\public/../application/index\view\index\index.html [ array (
) ]
[ info ] [ LOG ] INIT File
---------------------------------------------------------------
[ 2020-04-08T21:32:27+08:00 ] 127.0.0.1 GET 127.0.0.1/mytp5/public/index/login/login.html?username=1&password=1
[运行时间：0.267237s] [吞吐率：3.74req/s] [内存消耗：2,825.32kb] [文件加载：54]
[ info ] [ LANG ] E:\phpstudy\PHPTutorial\WWW\mytp5\thinkphp\lang\zh-cn.php
[ info ] [ ROUTE ] array (
  'type' => 'module',
  'module' => 
  array (
    0 => 'index',
    1 => 'login',
    2 => 'login',
  ),
)
[ info ] [ HEADER ] array (
  'host' => '127.0.0.1',
  'connection' => 'keep-alive',
  'upgrade-insecure-requests' => '1',
  'user-agent' => 'Mozilla/5.0 (Windows NT 10.0; Win64; x64) AppleWebKit/537.36 (KHTML, like Gecko) Chrome/80.0.3987.106 Safari/537.36',
  'sec-fetch-dest' => 'document',
  'accept' => 'text/html,application/xhtml+xml,application/xml;q=0.9,image/webp,image/apng,*/*;q=0.8,application/signed-exchange;v=b3;q=0.9',
  'sec-fetch-site' => 'same-origin',
  'sec-fetch-mode' => 'navigate',
  'sec-fetch-user' => '?1',
  'referer' => 'http://127.0.0.1/mytp5/public/index/index/',
  'accept-encoding' => 'gzip, deflate, br',
  'accept-language' => 'zh-CN,zh;q=0.9',
)
[ info ] [ PARAM ] array (
  'username' => '1',
  'password' => '1',
)
[ info ] [ RUN ] app\index\controller\LoginController->login[ E:\phpstudy\PHPTutorial\WWW\mytp5\application\index\controller\LoginController.php ]
[ info ] [ DB ] INIT mysql
[ info ] [ VIEW ] E:\phpstudy\PHPTutorial\WWW\mytp5\thinkphp\tpl\dispatch_jump.tpl [ array (
  0 => 'code',
  1 => 'msg',
  2 => 'data',
  3 => 'url',
  4 => 'wait',
) ]
[ info ] [ LOG ] INIT File
[ sql ] [ DB ] CONNECT:[ UseTime:0.106195s ] mysql:host=127.0.0.1;dbname=appoint;charset=utf8
[ sql ] [ SQL ] SHOW COLUMNS FROM `pre_teacher` [ RunTime:0.077254s ]
[ sql ] [ SQL ] SELECT * FROM `pre_teacher` WHERE  `id` = 1 LIMIT 1 [ RunTime:0.014068s ]
---------------------------------------------------------------
[ 2020-04-08T21:32:30+08:00 ] 127.0.0.1 GET 127.0.0.1/mytp5/public/index/index/index.html
[运行时间：0.023999s] [吞吐率：41.67req/s] [内存消耗：1,687.86kb] [文件加载：44]
[ info ] [ LANG ] E:\phpstudy\PHPTutorial\WWW\mytp5\thinkphp\lang\zh-cn.php
[ info ] [ ROUTE ] array (
  'type' => 'module',
  'module' => 
  array (
    0 => 'index',
    1 => 'index',
    2 => 'index',
  ),
)
[ info ] [ HEADER ] array (
  'host' => '127.0.0.1',
  'connection' => 'keep-alive',
  'upgrade-insecure-requests' => '1',
  'user-agent' => 'Mozilla/5.0 (Windows NT 10.0; Win64; x64) AppleWebKit/537.36 (KHTML, like Gecko) Chrome/80.0.3987.106 Safari/537.36',
  'sec-fetch-dest' => 'document',
  'accept' => 'text/html,application/xhtml+xml,application/xml;q=0.9,image/webp,image/apng,*/*;q=0.8,application/signed-exchange;v=b3;q=0.9',
  'sec-fetch-site' => 'same-origin',
  'sec-fetch-mode' => 'navigate',
  'referer' => 'http://127.0.0.1/mytp5/public/index/login/login.html?username=1&password=1',
  'accept-encoding' => 'gzip, deflate, br',
  'accept-language' => 'zh-CN,zh;q=0.9',
)
[ info ] [ PARAM ] array (
)
[ info ] [ RUN ] app\index\controller\IndexController->index[ E:\phpstudy\PHPTutorial\WWW\mytp5\application\index\controller\IndexController.php ]
[ info ] [ VIEW ] E:\phpstudy\PHPTutorial\WWW\mytp5\public/../application/index\view\index\index.html [ array (
) ]
[ info ] [ LOG ] INIT File
---------------------------------------------------------------
[ 2020-04-08T21:32:36+08:00 ] 127.0.0.1 GET 127.0.0.1/mytp5/public/index/login/login.html?username=1&password=111
[运行时间：0.159796s] [吞吐率：6.26req/s] [内存消耗：2,827.42kb] [文件加载：54]
[ info ] [ LANG ] E:\phpstudy\PHPTutorial\WWW\mytp5\thinkphp\lang\zh-cn.php
[ info ] [ ROUTE ] array (
  'type' => 'module',
  'module' => 
  array (
    0 => 'index',
    1 => 'login',
    2 => 'login',
  ),
)
[ info ] [ HEADER ] array (
  'host' => '127.0.0.1',
  'connection' => 'keep-alive',
  'upgrade-insecure-requests' => '1',
  'user-agent' => 'Mozilla/5.0 (Windows NT 10.0; Win64; x64) AppleWebKit/537.36 (KHTML, like Gecko) Chrome/80.0.3987.106 Safari/537.36',
  'sec-fetch-dest' => 'document',
  'accept' => 'text/html,application/xhtml+xml,application/xml;q=0.9,image/webp,image/apng,*/*;q=0.8,application/signed-exchange;v=b3;q=0.9',
  'sec-fetch-site' => 'same-origin',
  'sec-fetch-mode' => 'navigate',
  'sec-fetch-user' => '?1',
  'referer' => 'http://127.0.0.1/mytp5/public/index/index/index.html',
  'accept-encoding' => 'gzip, deflate, br',
  'accept-language' => 'zh-CN,zh;q=0.9',
)
[ info ] [ PARAM ] array (
  'username' => '1',
  'password' => '111',
)
[ info ] [ RUN ] app\index\controller\LoginController->login[ E:\phpstudy\PHPTutorial\WWW\mytp5\application\index\controller\LoginController.php ]
[ info ] [ DB ] INIT mysql
[ info ] [ SESSION ] INIT array (
  'id' => '',
  'var_session_id' => '',
  'prefix' => 'think',
  'type' => '',
  'auto_start' => true,
)
[ info ] [ VIEW ] E:\phpstudy\PHPTutorial\WWW\mytp5\thinkphp\tpl\dispatch_jump.tpl [ array (
  0 => 'code',
  1 => 'msg',
  2 => 'data',
  3 => 'url',
  4 => 'wait',
) ]
[ info ] [ LOG ] INIT File
[ sql ] [ DB ] CONNECT:[ UseTime:0.010905s ] mysql:host=127.0.0.1;dbname=appoint;charset=utf8
[ sql ] [ SQL ] SHOW COLUMNS FROM `pre_teacher` [ RunTime:0.007911s ]
[ sql ] [ SQL ] SELECT * FROM `pre_teacher` WHERE  `id` = 1 LIMIT 1 [ RunTime:0.000956s ]
---------------------------------------------------------------
[ 2020-04-08T21:32:43+08:00 ] 127.0.0.1 GET 127.0.0.1/mytp5/public/index/teacher/index.html
[运行时间：3.454184s] [吞吐率：0.29req/s] [内存消耗：2,825.14kb] [文件加载：53]
[ info ] [ LANG ] E:\phpstudy\PHPTutorial\WWW\mytp5\thinkphp\lang\zh-cn.php
[ info ] [ ROUTE ] array (
  'type' => 'module',
  'module' => 
  array (
    0 => 'index',
    1 => 'teacher',
    2 => 'index',
  ),
)
[ info ] [ HEADER ] array (
  'host' => '127.0.0.1',
  'connection' => 'keep-alive',
  'upgrade-insecure-requests' => '1',
  'user-agent' => 'Mozilla/5.0 (Windows NT 10.0; Win64; x64) AppleWebKit/537.36 (KHTML, like Gecko) Chrome/80.0.3987.106 Safari/537.36',
  'sec-fetch-dest' => 'document',
  'accept' => 'text/html,application/xhtml+xml,application/xml;q=0.9,image/webp,image/apng,*/*;q=0.8,application/signed-exchange;v=b3;q=0.9',
  'sec-fetch-site' => 'same-origin',
  'sec-fetch-mode' => 'navigate',
  'referer' => 'http://127.0.0.1/mytp5/public/index/login/login.html?username=1&password=111',
  'accept-encoding' => 'gzip, deflate, br',
  'accept-language' => 'zh-CN,zh;q=0.9',
  'cookie' => 'PHPSESSID=bbml5rp60gufcpi2mpp4rjl497',
)
[ info ] [ PARAM ] array (
)
[ info ] [ RUN ] app\index\controller\TeacherController->index[ E:\phpstudy\PHPTutorial\WWW\mytp5\application\index\controller\TeacherController.php ]
[ info ] [ DB ] INIT mysql
[ info ] [ SESSION ] INIT array (
  'id' => '',
  'var_session_id' => '',
  'prefix' => 'think',
  'type' => '',
  'auto_start' => true,
)
[ info ] [ VIEW ] E:\phpstudy\PHPTutorial\WWW\mytp5\public/../application/index\view\teacher\index.html [ array (
  0 => 'actives',
) ]
[ info ] [ LOG ] INIT File
[ sql ] [ DB ] CONNECT:[ UseTime:3.361059s ] mysql:host=127.0.0.1;dbname=appoint;charset=utf8
[ sql ] [ SQL ] SHOW COLUMNS FROM `pre_active` [ RunTime:0.047927s ]
[ sql ] [ SQL ] SELECT * FROM `pre_active` WHERE  `tea_id` = 1 [ RunTime:0.000531s ]
---------------------------------------------------------------
[ 2020-04-08T21:38:35+08:00 ] 127.0.0.1 GET 127.0.0.1/mytp5/public/index/index
[运行时间：0.149339s] [吞吐率：6.70req/s] [内存消耗：2,984.91kb] [文件加载：55]
[ info ] [ LANG ] E:\phpstudy\PHPTutorial\WWW\mytp5\thinkphp\lang\zh-cn.php
[ info ] [ ROUTE ] array (
  'type' => 'module',
  'module' => 
  array (
    0 => 'index',
    1 => 'index',
    2 => NULL,
  ),
)
[ info ] [ HEADER ] array (
  'host' => '127.0.0.1',
  'connection' => 'keep-alive',
  'upgrade-insecure-requests' => '1',
  'user-agent' => 'Mozilla/5.0 (Windows NT 10.0; Win64; x64) AppleWebKit/537.36 (KHTML, like Gecko) Chrome/80.0.3987.106 Safari/537.36',
  'sec-fetch-dest' => 'document',
  'accept' => 'text/html,application/xhtml+xml,application/xml;q=0.9,image/webp,image/apng,*/*;q=0.8,application/signed-exchange;v=b3;q=0.9',
  'sec-fetch-site' => 'same-origin',
  'sec-fetch-mode' => 'navigate',
  'sec-fetch-user' => '?1',
  'referer' => 'http://127.0.0.1/mytp5/public/index/teacher/index.html',
  'accept-encoding' => 'gzip, deflate, br',
  'accept-language' => 'zh-CN,zh;q=0.9',
  'cookie' => 'PHPSESSID=bbml5rp60gufcpi2mpp4rjl497',
)
[ info ] [ PARAM ] array (
)
[ info ] [ RUN ] app\index\controller\IndexController->index[ E:\phpstudy\PHPTutorial\WWW\mytp5\application\index\controller\IndexController.php ]
[ info ] [ DB ] INIT mysql
[ info ] [ VIEW ] E:\phpstudy\PHPTutorial\WWW\mytp5\public/../application/index\view\index\index.html [ array (
  0 => 'actives',
) ]
[ info ] [ LOG ] INIT File
[ sql ] [ DB ] CONNECT:[ UseTime:0.001286s ] mysql:host=127.0.0.1;dbname=appoint;charset=utf8
[ sql ] [ SQL ] SHOW COLUMNS FROM `pre_active` [ RunTime:0.009158s ]
[ sql ] [ SQL ] SELECT * FROM `pre_active` [ RunTime:0.000444s ]
---------------------------------------------------------------
[ 2020-04-08T21:42:01+08:00 ] 127.0.0.1 GET 127.0.0.1/mytp5/public/index/index
[运行时间：0.062350s] [吞吐率：16.04req/s] [内存消耗：2,984.84kb] [文件加载：55]
[ info ] [ LANG ] E:\phpstudy\PHPTutorial\WWW\mytp5\thinkphp\lang\zh-cn.php
[ info ] [ ROUTE ] array (
  'type' => 'module',
  'module' => 
  array (
    0 => 'index',
    1 => 'index',
    2 => NULL,
  ),
)
[ info ] [ HEADER ] array (
  'host' => '127.0.0.1',
  'connection' => 'keep-alive',
  'cache-control' => 'max-age=0',
  'upgrade-insecure-requests' => '1',
  'user-agent' => 'Mozilla/5.0 (Windows NT 10.0; Win64; x64) AppleWebKit/537.36 (KHTML, like Gecko) Chrome/80.0.3987.106 Safari/537.36',
  'sec-fetch-dest' => 'document',
  'accept' => 'text/html,application/xhtml+xml,application/xml;q=0.9,image/webp,image/apng,*/*;q=0.8,application/signed-exchange;v=b3;q=0.9',
  'sec-fetch-site' => 'same-origin',
  'sec-fetch-mode' => 'navigate',
  'sec-fetch-user' => '?1',
  'referer' => 'http://127.0.0.1/mytp5/public/index/teacher/index.html',
  'accept-encoding' => 'gzip, deflate, br',
  'accept-language' => 'zh-CN,zh;q=0.9',
  'cookie' => 'PHPSESSID=bbml5rp60gufcpi2mpp4rjl497',
)
[ info ] [ PARAM ] array (
)
[ info ] [ RUN ] app\index\controller\IndexController->index[ E:\phpstudy\PHPTutorial\WWW\mytp5\application\index\controller\IndexController.php ]
[ info ] [ DB ] INIT mysql
[ info ] [ VIEW ] E:\phpstudy\PHPTutorial\WWW\mytp5\public/../application/index\view\index\index.html [ array (
  0 => 'actives',
) ]
[ info ] [ LOG ] INIT File
[ sql ] [ DB ] CONNECT:[ UseTime:0.002144s ] mysql:host=127.0.0.1;dbname=appoint;charset=utf8
[ sql ] [ SQL ] SHOW COLUMNS FROM `pre_active` [ RunTime:0.007843s ]
[ sql ] [ SQL ] SELECT * FROM `pre_active` [ RunTime:0.000499s ]
---------------------------------------------------------------
[ 2020-04-08T21:42:42+08:00 ] 127.0.0.1 GET 127.0.0.1/mytp5/public/index/index/index.html
[运行时间：0.180180s] [吞吐率：5.55req/s] [内存消耗：2,826.05kb] [文件加载：53]
[ info ] [ LANG ] E:\phpstudy\PHPTutorial\WWW\mytp5\thinkphp\lang\zh-cn.php
[ info ] [ ROUTE ] array (
  'type' => 'module',
  'module' => 
  array (
    0 => 'index',
    1 => 'index',
    2 => 'index',
  ),
)
[ info ] [ HEADER ] array (
  'host' => '127.0.0.1',
  'connection' => 'keep-alive',
  'upgrade-insecure-requests' => '1',
  'user-agent' => 'Mozilla/5.0 (Windows NT 10.0; Win64; x64) AppleWebKit/537.36 (KHTML, like Gecko) Chrome/80.0.3987.106 Safari/537.36',
  'sec-fetch-dest' => 'document',
  'accept' => 'text/html,application/xhtml+xml,application/xml;q=0.9,image/webp,image/apng,*/*;q=0.8,application/signed-exchange;v=b3;q=0.9',
  'sec-fetch-site' => 'same-origin',
  'sec-fetch-mode' => 'navigate',
  'sec-fetch-user' => '?1',
  'referer' => 'http://127.0.0.1/mytp5/public/index/index',
  'accept-encoding' => 'gzip, deflate, br',
  'accept-language' => 'zh-CN,zh;q=0.9',
  'cookie' => 'PHPSESSID=bbml5rp60gufcpi2mpp4rjl497',
)
[ info ] [ PARAM ] array (
)
[ info ] [ RUN ] app\index\controller\IndexController->index[ E:\phpstudy\PHPTutorial\WWW\mytp5\application\index\controller\IndexController.php ]
[ info ] [ DB ] INIT mysql
[ info ] [ VIEW ] E:\phpstudy\PHPTutorial\WWW\mytp5\public/../application/index\view\index\index.html [ array (
  0 => 'actives',
) ]
[ info ] [ LOG ] INIT File
[ sql ] [ DB ] CONNECT:[ UseTime:0.127372s ] mysql:host=127.0.0.1;dbname=appoint;charset=utf8
[ sql ] [ SQL ] SHOW COLUMNS FROM `pre_active` [ RunTime:0.009757s ]
[ sql ] [ SQL ] SELECT * FROM `pre_active` [ RunTime:0.000399s ]
---------------------------------------------------------------
[ 2020-04-08T21:43:01+08:00 ] 127.0.0.1 GET 127.0.0.1/mytp5/public/index/login/login.html?username=1&password=111
[运行时间：0.064006s] [吞吐率：15.62req/s] [内存消耗：2,827.57kb] [文件加载：54]
[ info ] [ LANG ] E:\phpstudy\PHPTutorial\WWW\mytp5\thinkphp\lang\zh-cn.php
[ info ] [ ROUTE ] array (
  'type' => 'module',
  'module' => 
  array (
    0 => 'index',
    1 => 'login',
    2 => 'login',
  ),
)
[ info ] [ HEADER ] array (
  'host' => '127.0.0.1',
  'connection' => 'keep-alive',
  'upgrade-insecure-requests' => '1',
  'user-agent' => 'Mozilla/5.0 (Windows NT 10.0; Win64; x64) AppleWebKit/537.36 (KHTML, like Gecko) Chrome/80.0.3987.106 Safari/537.36',
  'sec-fetch-dest' => 'document',
  'accept' => 'text/html,application/xhtml+xml,application/xml;q=0.9,image/webp,image/apng,*/*;q=0.8,application/signed-exchange;v=b3;q=0.9',
  'sec-fetch-site' => 'same-origin',
  'sec-fetch-mode' => 'navigate',
  'sec-fetch-user' => '?1',
  'referer' => 'http://127.0.0.1/mytp5/public/index/index/index.html',
  'accept-encoding' => 'gzip, deflate, br',
  'accept-language' => 'zh-CN,zh;q=0.9',
  'cookie' => 'PHPSESSID=bbml5rp60gufcpi2mpp4rjl497',
)
[ info ] [ PARAM ] array (
  'username' => '1',
  'password' => '111',
)
[ info ] [ RUN ] app\index\controller\LoginController->login[ E:\phpstudy\PHPTutorial\WWW\mytp5\application\index\controller\LoginController.php ]
[ info ] [ DB ] INIT mysql
[ info ] [ SESSION ] INIT array (
  'id' => '',
  'var_session_id' => '',
  'prefix' => 'think',
  'type' => '',
  'auto_start' => true,
)
[ info ] [ VIEW ] E:\phpstudy\PHPTutorial\WWW\mytp5\thinkphp\tpl\dispatch_jump.tpl [ array (
  0 => 'code',
  1 => 'msg',
  2 => 'data',
  3 => 'url',
  4 => 'wait',
) ]
[ info ] [ LOG ] INIT File
[ sql ] [ DB ] CONNECT:[ UseTime:0.011902s ] mysql:host=127.0.0.1;dbname=appoint;charset=utf8
[ sql ] [ SQL ] SHOW COLUMNS FROM `pre_teacher` [ RunTime:0.009640s ]
[ sql ] [ SQL ] SELECT * FROM `pre_teacher` WHERE  `id` = 1 LIMIT 1 [ RunTime:0.000417s ]
---------------------------------------------------------------
[ 2020-04-08T21:43:04+08:00 ] 127.0.0.1 GET 127.0.0.1/mytp5/public/index/teacher/index.html
[运行时间：0.047313s] [吞吐率：21.14req/s] [内存消耗：2,825.14kb] [文件加载：53]
[ info ] [ LANG ] E:\phpstudy\PHPTutorial\WWW\mytp5\thinkphp\lang\zh-cn.php
[ info ] [ ROUTE ] array (
  'type' => 'module',
  'module' => 
  array (
    0 => 'index',
    1 => 'teacher',
    2 => 'index',
  ),
)
[ info ] [ HEADER ] array (
  'host' => '127.0.0.1',
  'connection' => 'keep-alive',
  'upgrade-insecure-requests' => '1',
  'user-agent' => 'Mozilla/5.0 (Windows NT 10.0; Win64; x64) AppleWebKit/537.36 (KHTML, like Gecko) Chrome/80.0.3987.106 Safari/537.36',
  'sec-fetch-dest' => 'document',
  'accept' => 'text/html,application/xhtml+xml,application/xml;q=0.9,image/webp,image/apng,*/*;q=0.8,application/signed-exchange;v=b3;q=0.9',
  'sec-fetch-site' => 'same-origin',
  'sec-fetch-mode' => 'navigate',
  'referer' => 'http://127.0.0.1/mytp5/public/index/login/login.html?username=1&password=111',
  'accept-encoding' => 'gzip, deflate, br',
  'accept-language' => 'zh-CN,zh;q=0.9',
  'cookie' => 'PHPSESSID=bbml5rp60gufcpi2mpp4rjl497',
)
[ info ] [ PARAM ] array (
)
[ info ] [ RUN ] app\index\controller\TeacherController->index[ E:\phpstudy\PHPTutorial\WWW\mytp5\application\index\controller\TeacherController.php ]
[ info ] [ DB ] INIT mysql
[ info ] [ SESSION ] INIT array (
  'id' => '',
  'var_session_id' => '',
  'prefix' => 'think',
  'type' => '',
  'auto_start' => true,
)
[ info ] [ VIEW ] E:\phpstudy\PHPTutorial\WWW\mytp5\public/../application/index\view\teacher\index.html [ array (
  0 => 'actives',
) ]
[ info ] [ LOG ] INIT File
[ sql ] [ DB ] CONNECT:[ UseTime:0.002141s ] mysql:host=127.0.0.1;dbname=appoint;charset=utf8
[ sql ] [ SQL ] SHOW COLUMNS FROM `pre_active` [ RunTime:0.007658s ]
[ sql ] [ SQL ] SELECT * FROM `pre_active` WHERE  `tea_id` = 1 [ RunTime:0.000475s ]
---------------------------------------------------------------
[ 2020-04-08T21:43:08+08:00 ] 127.0.0.1 GET 127.0.0.1/mytp5/public/index/teacher/information.html
[运行时间：0.125711s] [吞吐率：7.95req/s] [内存消耗：1,694.20kb] [文件加载：44]
[ info ] [ LANG ] E:\phpstudy\PHPTutorial\WWW\mytp5\thinkphp\lang\zh-cn.php
[ info ] [ ROUTE ] array (
  'type' => 'module',
  'module' => 
  array (
    0 => 'index',
    1 => 'teacher',
    2 => 'information',
  ),
)
[ info ] [ HEADER ] array (
  'host' => '127.0.0.1',
  'connection' => 'keep-alive',
  'upgrade-insecure-requests' => '1',
  'user-agent' => 'Mozilla/5.0 (Windows NT 10.0; Win64; x64) AppleWebKit/537.36 (KHTML, like Gecko) Chrome/80.0.3987.106 Safari/537.36',
  'sec-fetch-dest' => 'document',
  'accept' => 'text/html,application/xhtml+xml,application/xml;q=0.9,image/webp,image/apng,*/*;q=0.8,application/signed-exchange;v=b3;q=0.9',
  'sec-fetch-site' => 'same-origin',
  'sec-fetch-mode' => 'navigate',
  'sec-fetch-user' => '?1',
  'referer' => 'http://127.0.0.1/mytp5/public/index/teacher/index.html',
  'accept-encoding' => 'gzip, deflate, br',
  'accept-language' => 'zh-CN,zh;q=0.9',
  'cookie' => 'PHPSESSID=bbml5rp60gufcpi2mpp4rjl497',
)
[ info ] [ PARAM ] array (
)
[ info ] [ RUN ] app\index\controller\TeacherController->information[ E:\phpstudy\PHPTutorial\WWW\mytp5\application\index\controller\TeacherController.php ]
[ info ] [ VIEW ] E:\phpstudy\PHPTutorial\WWW\mytp5\public/../application/index\view\teacher\information.html [ array (
) ]
[ info ] [ LOG ] INIT File
---------------------------------------------------------------
[ 2020-04-08T21:43:12+08:00 ] 127.0.0.1 GET 127.0.0.1/mytp5/public/index/teacher/index
[运行时间：0.060124s] [吞吐率：16.63req/s] [内存消耗：2,825.27kb] [文件加载：53]
[ info ] [ LANG ] E:\phpstudy\PHPTutorial\WWW\mytp5\thinkphp\lang\zh-cn.php
[ info ] [ ROUTE ] array (
  'type' => 'module',
  'module' => 
  array (
    0 => 'index',
    1 => 'teacher',
    2 => 'index',
  ),
)
[ info ] [ HEADER ] array (
  'host' => '127.0.0.1',
  'connection' => 'keep-alive',
  'upgrade-insecure-requests' => '1',
  'user-agent' => 'Mozilla/5.0 (Windows NT 10.0; Win64; x64) AppleWebKit/537.36 (KHTML, like Gecko) Chrome/80.0.3987.106 Safari/537.36',
  'sec-fetch-dest' => 'document',
  'accept' => 'text/html,application/xhtml+xml,application/xml;q=0.9,image/webp,image/apng,*/*;q=0.8,application/signed-exchange;v=b3;q=0.9',
  'sec-fetch-site' => 'same-origin',
  'sec-fetch-mode' => 'navigate',
  'sec-fetch-user' => '?1',
  'referer' => 'http://127.0.0.1/mytp5/public/index/teacher/information.html',
  'accept-encoding' => 'gzip, deflate, br',
  'accept-language' => 'zh-CN,zh;q=0.9',
  'cookie' => 'PHPSESSID=bbml5rp60gufcpi2mpp4rjl497',
)
[ info ] [ PARAM ] array (
)
[ info ] [ RUN ] app\index\controller\TeacherController->index[ E:\phpstudy\PHPTutorial\WWW\mytp5\application\index\controller\TeacherController.php ]
[ info ] [ DB ] INIT mysql
[ info ] [ SESSION ] INIT array (
  'id' => '',
  'var_session_id' => '',
  'prefix' => 'think',
  'type' => '',
  'auto_start' => true,
)
[ info ] [ VIEW ] E:\phpstudy\PHPTutorial\WWW\mytp5\public/../application/index\view\teacher\index.html [ array (
  0 => 'actives',
) ]
[ info ] [ LOG ] INIT File
[ sql ] [ DB ] CONNECT:[ UseTime:0.011301s ] mysql:host=127.0.0.1;dbname=appoint;charset=utf8
[ sql ] [ SQL ] SHOW COLUMNS FROM `pre_active` [ RunTime:0.008000s ]
[ sql ] [ SQL ] SELECT * FROM `pre_active` WHERE  `tea_id` = 1 [ RunTime:0.000392s ]
---------------------------------------------------------------
[ 2020-04-08T21:43:13+08:00 ] 127.0.0.1 GET 127.0.0.1/mytp5/public/index/teacher/information.html
[运行时间：0.030191s] [吞吐率：33.12req/s] [内存消耗：1,694.16kb] [文件加载：44]
[ info ] [ LANG ] E:\phpstudy\PHPTutorial\WWW\mytp5\thinkphp\lang\zh-cn.php
[ info ] [ ROUTE ] array (
  'type' => 'module',
  'module' => 
  array (
    0 => 'index',
    1 => 'teacher',
    2 => 'information',
  ),
)
[ info ] [ HEADER ] array (
  'host' => '127.0.0.1',
  'connection' => 'keep-alive',
  'upgrade-insecure-requests' => '1',
  'user-agent' => 'Mozilla/5.0 (Windows NT 10.0; Win64; x64) AppleWebKit/537.36 (KHTML, like Gecko) Chrome/80.0.3987.106 Safari/537.36',
  'sec-fetch-dest' => 'document',
  'accept' => 'text/html,application/xhtml+xml,application/xml;q=0.9,image/webp,image/apng,*/*;q=0.8,application/signed-exchange;v=b3;q=0.9',
  'sec-fetch-site' => 'same-origin',
  'sec-fetch-mode' => 'navigate',
  'sec-fetch-user' => '?1',
  'referer' => 'http://127.0.0.1/mytp5/public/index/teacher/index',
  'accept-encoding' => 'gzip, deflate, br',
  'accept-language' => 'zh-CN,zh;q=0.9',
  'cookie' => 'PHPSESSID=bbml5rp60gufcpi2mpp4rjl497',
)
[ info ] [ PARAM ] array (
)
[ info ] [ RUN ] app\index\controller\TeacherController->information[ E:\phpstudy\PHPTutorial\WWW\mytp5\application\index\controller\TeacherController.php ]
[ info ] [ VIEW ] E:\phpstudy\PHPTutorial\WWW\mytp5\public/../application/index\view\teacher\information.html [ array (
) ]
[ info ] [ LOG ] INIT File
---------------------------------------------------------------
[ 2020-04-08T21:43:15+08:00 ] 127.0.0.1 GET 127.0.0.1/mytp5/public/index/teacher/index
[运行时间：0.063170s] [吞吐率：15.83req/s] [内存消耗：2,825.27kb] [文件加载：53]
[ info ] [ LANG ] E:\phpstudy\PHPTutorial\WWW\mytp5\thinkphp\lang\zh-cn.php
[ info ] [ ROUTE ] array (
  'type' => 'module',
  'module' => 
  array (
    0 => 'index',
    1 => 'teacher',
    2 => 'index',
  ),
)
[ info ] [ HEADER ] array (
  'host' => '127.0.0.1',
  'connection' => 'keep-alive',
  'upgrade-insecure-requests' => '1',
  'user-agent' => 'Mozilla/5.0 (Windows NT 10.0; Win64; x64) AppleWebKit/537.36 (KHTML, like Gecko) Chrome/80.0.3987.106 Safari/537.36',
  'sec-fetch-dest' => 'document',
  'accept' => 'text/html,application/xhtml+xml,application/xml;q=0.9,image/webp,image/apng,*/*;q=0.8,application/signed-exchange;v=b3;q=0.9',
  'sec-fetch-site' => 'same-origin',
  'sec-fetch-mode' => 'navigate',
  'sec-fetch-user' => '?1',
  'referer' => 'http://127.0.0.1/mytp5/public/index/teacher/information.html',
  'accept-encoding' => 'gzip, deflate, br',
  'accept-language' => 'zh-CN,zh;q=0.9',
  'cookie' => 'PHPSESSID=bbml5rp60gufcpi2mpp4rjl497',
)
[ info ] [ PARAM ] array (
)
[ info ] [ RUN ] app\index\controller\TeacherController->index[ E:\phpstudy\PHPTutorial\WWW\mytp5\application\index\controller\TeacherController.php ]
[ info ] [ DB ] INIT mysql
[ info ] [ SESSION ] INIT array (
  'id' => '',
  'var_session_id' => '',
  'prefix' => 'think',
  'type' => '',
  'auto_start' => true,
)
[ info ] [ VIEW ] E:\phpstudy\PHPTutorial\WWW\mytp5\public/../application/index\view\teacher\index.html [ array (
  0 => 'actives',
) ]
[ info ] [ LOG ] INIT File
[ sql ] [ DB ] CONNECT:[ UseTime:0.012118s ] mysql:host=127.0.0.1;dbname=appoint;charset=utf8
[ sql ] [ SQL ] SHOW COLUMNS FROM `pre_active` [ RunTime:0.009533s ]
[ sql ] [ SQL ] SELECT * FROM `pre_active` WHERE  `tea_id` = 1 [ RunTime:0.000499s ]
---------------------------------------------------------------
[ 2020-04-08T21:43:15+08:00 ] 127.0.0.1 GET 127.0.0.1/mytp5/public/index/teacher/information.html
[运行时间：0.024075s] [吞吐率：41.54req/s] [内存消耗：1,694.16kb] [文件加载：44]
[ info ] [ LANG ] E:\phpstudy\PHPTutorial\WWW\mytp5\thinkphp\lang\zh-cn.php
[ info ] [ ROUTE ] array (
  'type' => 'module',
  'module' => 
  array (
    0 => 'index',
    1 => 'teacher',
    2 => 'information',
  ),
)
[ info ] [ HEADER ] array (
  'host' => '127.0.0.1',
  'connection' => 'keep-alive',
  'upgrade-insecure-requests' => '1',
  'user-agent' => 'Mozilla/5.0 (Windows NT 10.0; Win64; x64) AppleWebKit/537.36 (KHTML, like Gecko) Chrome/80.0.3987.106 Safari/537.36',
  'sec-fetch-dest' => 'document',
  'accept' => 'text/html,application/xhtml+xml,application/xml;q=0.9,image/webp,image/apng,*/*;q=0.8,application/signed-exchange;v=b3;q=0.9',
  'sec-fetch-site' => 'same-origin',
  'sec-fetch-mode' => 'navigate',
  'sec-fetch-user' => '?1',
  'referer' => 'http://127.0.0.1/mytp5/public/index/teacher/index',
  'accept-encoding' => 'gzip, deflate, br',
  'accept-language' => 'zh-CN,zh;q=0.9',
  'cookie' => 'PHPSESSID=bbml5rp60gufcpi2mpp4rjl497',
)
[ info ] [ PARAM ] array (
)
[ info ] [ RUN ] app\index\controller\TeacherController->information[ E:\phpstudy\PHPTutorial\WWW\mytp5\application\index\controller\TeacherController.php ]
[ info ] [ VIEW ] E:\phpstudy\PHPTutorial\WWW\mytp5\public/../application/index\view\teacher\information.html [ array (
) ]
[ info ] [ LOG ] INIT File
---------------------------------------------------------------
[ 2020-04-08T21:43:18+08:00 ] 127.0.0.1 GET 127.0.0.1/mytp5/public/index/teacher/index
[运行时间：0.069556s] [吞吐率：14.38req/s] [内存消耗：2,825.27kb] [文件加载：53]
[ info ] [ LANG ] E:\phpstudy\PHPTutorial\WWW\mytp5\thinkphp\lang\zh-cn.php
[ info ] [ ROUTE ] array (
  'type' => 'module',
  'module' => 
  array (
    0 => 'index',
    1 => 'teacher',
    2 => 'index',
  ),
)
[ info ] [ HEADER ] array (
  'host' => '127.0.0.1',
  'connection' => 'keep-alive',
  'upgrade-insecure-requests' => '1',
  'user-agent' => 'Mozilla/5.0 (Windows NT 10.0; Win64; x64) AppleWebKit/537.36 (KHTML, like Gecko) Chrome/80.0.3987.106 Safari/537.36',
  'sec-fetch-dest' => 'document',
  'accept' => 'text/html,application/xhtml+xml,application/xml;q=0.9,image/webp,image/apng,*/*;q=0.8,application/signed-exchange;v=b3;q=0.9',
  'sec-fetch-site' => 'same-origin',
  'sec-fetch-mode' => 'navigate',
  'sec-fetch-user' => '?1',
  'referer' => 'http://127.0.0.1/mytp5/public/index/teacher/information.html',
  'accept-encoding' => 'gzip, deflate, br',
  'accept-language' => 'zh-CN,zh;q=0.9',
  'cookie' => 'PHPSESSID=bbml5rp60gufcpi2mpp4rjl497',
)
[ info ] [ PARAM ] array (
)
[ info ] [ RUN ] app\index\controller\TeacherController->index[ E:\phpstudy\PHPTutorial\WWW\mytp5\application\index\controller\TeacherController.php ]
[ info ] [ DB ] INIT mysql
[ info ] [ SESSION ] INIT array (
  'id' => '',
  'var_session_id' => '',
  'prefix' => 'think',
  'type' => '',
  'auto_start' => true,
)
[ info ] [ VIEW ] E:\phpstudy\PHPTutorial\WWW\mytp5\public/../application/index\view\teacher\index.html [ array (
  0 => 'actives',
) ]
[ info ] [ LOG ] INIT File
[ sql ] [ DB ] CONNECT:[ UseTime:0.011325s ] mysql:host=127.0.0.1;dbname=appoint;charset=utf8
[ sql ] [ SQL ] SHOW COLUMNS FROM `pre_active` [ RunTime:0.009850s ]
[ sql ] [ SQL ] SELECT * FROM `pre_active` WHERE  `tea_id` = 1 [ RunTime:0.000501s ]
---------------------------------------------------------------
[ 2020-04-08T21:43:43+08:00 ] 127.0.0.1 GET 127.0.0.1/mytp5/public/index/index
[运行时间：0.179705s] [吞吐率：5.56req/s] [内存消耗：2,826.06kb] [文件加载：53]
[ info ] [ LANG ] E:\phpstudy\PHPTutorial\WWW\mytp5\thinkphp\lang\zh-cn.php
[ info ] [ ROUTE ] array (
  'type' => 'module',
  'module' => 
  array (
    0 => 'index',
    1 => 'index',
    2 => NULL,
  ),
)
[ info ] [ HEADER ] array (
  'host' => '127.0.0.1',
  'connection' => 'keep-alive',
  'upgrade-insecure-requests' => '1',
  'user-agent' => 'Mozilla/5.0 (Windows NT 10.0; Win64; x64) AppleWebKit/537.36 (KHTML, like Gecko) Chrome/80.0.3987.106 Safari/537.36',
  'sec-fetch-dest' => 'document',
  'accept' => 'text/html,application/xhtml+xml,application/xml;q=0.9,image/webp,image/apng,*/*;q=0.8,application/signed-exchange;v=b3;q=0.9',
  'sec-fetch-site' => 'same-origin',
  'sec-fetch-mode' => 'navigate',
  'sec-fetch-user' => '?1',
  'referer' => 'http://127.0.0.1/mytp5/public/index/teacher/index',
  'accept-encoding' => 'gzip, deflate, br',
  'accept-language' => 'zh-CN,zh;q=0.9',
  'cookie' => 'PHPSESSID=bbml5rp60gufcpi2mpp4rjl497',
)
[ info ] [ PARAM ] array (
)
[ info ] [ RUN ] app\index\controller\IndexController->index[ E:\phpstudy\PHPTutorial\WWW\mytp5\application\index\controller\IndexController.php ]
[ info ] [ DB ] INIT mysql
[ info ] [ VIEW ] E:\phpstudy\PHPTutorial\WWW\mytp5\public/../application/index\view\index\index.html [ array (
  0 => 'actives',
) ]
[ info ] [ LOG ] INIT File
[ sql ] [ DB ] CONNECT:[ UseTime:0.125762s ] mysql:host=127.0.0.1;dbname=appoint;charset=utf8
[ sql ] [ SQL ] SHOW COLUMNS FROM `pre_active` [ RunTime:0.009447s ]
[ sql ] [ SQL ] SELECT * FROM `pre_active` [ RunTime:0.000407s ]
---------------------------------------------------------------
[ 2020-04-08T21:43:51+08:00 ] 127.0.0.1 GET 127.0.0.1/mytp5/public/index/teacher/index
[运行时间：0.152061s] [吞吐率：6.58req/s] [内存消耗：2,825.10kb] [文件加载：53]
[ info ] [ LANG ] E:\phpstudy\PHPTutorial\WWW\mytp5\thinkphp\lang\zh-cn.php
[ info ] [ ROUTE ] array (
  'type' => 'module',
  'module' => 
  array (
    0 => 'index',
    1 => 'teacher',
    2 => 'index',
  ),
)
[ info ] [ HEADER ] array (
  'host' => '127.0.0.1',
  'connection' => 'keep-alive',
  'upgrade-insecure-requests' => '1',
  'user-agent' => 'Mozilla/5.0 (Windows NT 10.0; Win64; x64) AppleWebKit/537.36 (KHTML, like Gecko) Chrome/80.0.3987.106 Safari/537.36',
  'sec-fetch-dest' => 'document',
  'accept' => 'text/html,application/xhtml+xml,application/xml;q=0.9,image/webp,image/apng,*/*;q=0.8,application/signed-exchange;v=b3;q=0.9',
  'sec-fetch-site' => 'same-origin',
  'sec-fetch-mode' => 'navigate',
  'referer' => 'http://127.0.0.1/mytp5/public/index/teacher/information.html',
  'accept-encoding' => 'gzip, deflate, br',
  'accept-language' => 'zh-CN,zh;q=0.9',
  'cookie' => 'PHPSESSID=bbml5rp60gufcpi2mpp4rjl497',
)
[ info ] [ PARAM ] array (
)
[ info ] [ RUN ] app\index\controller\TeacherController->index[ E:\phpstudy\PHPTutorial\WWW\mytp5\application\index\controller\TeacherController.php ]
[ info ] [ DB ] INIT mysql
[ info ] [ SESSION ] INIT array (
  'id' => '',
  'var_session_id' => '',
  'prefix' => 'think',
  'type' => '',
  'auto_start' => true,
)
[ info ] [ VIEW ] E:\phpstudy\PHPTutorial\WWW\mytp5\public/../application/index\view\teacher\index.html [ array (
  0 => 'actives',
) ]
[ info ] [ LOG ] INIT File
[ sql ] [ DB ] CONNECT:[ UseTime:0.010830s ] mysql:host=127.0.0.1;dbname=appoint;charset=utf8
[ sql ] [ SQL ] SHOW COLUMNS FROM `pre_active` [ RunTime:0.098853s ]
[ sql ] [ SQL ] SELECT * FROM `pre_active` WHERE  `tea_id` = 1 [ RunTime:0.000606s ]
---------------------------------------------------------------
[ 2020-04-08T21:44:35+08:00 ] 127.0.0.1 GET 127.0.0.1/mytp5/public/index/teacher/index
[运行时间：0.067035s] [吞吐率：14.92req/s] [内存消耗：2,974.56kb] [文件加载：55]
[ info ] [ LANG ] E:\phpstudy\PHPTutorial\WWW\mytp5\thinkphp\lang\zh-cn.php
[ info ] [ ROUTE ] array (
  'type' => 'module',
  'module' => 
  array (
    0 => 'index',
    1 => 'teacher',
    2 => 'index',
  ),
)
[ info ] [ HEADER ] array (
  'host' => '127.0.0.1',
  'connection' => 'keep-alive',
  'cache-control' => 'max-age=0',
  'upgrade-insecure-requests' => '1',
  'user-agent' => 'Mozilla/5.0 (Windows NT 10.0; Win64; x64) AppleWebKit/537.36 (KHTML, like Gecko) Chrome/80.0.3987.106 Safari/537.36',
  'sec-fetch-dest' => 'document',
  'accept' => 'text/html,application/xhtml+xml,application/xml;q=0.9,image/webp,image/apng,*/*;q=0.8,application/signed-exchange;v=b3;q=0.9',
  'sec-fetch-site' => 'same-origin',
  'sec-fetch-mode' => 'navigate',
  'sec-fetch-user' => '?1',
  'referer' => 'http://127.0.0.1/mytp5/public/index/teacher/information.html',
  'accept-encoding' => 'gzip, deflate, br',
  'accept-language' => 'zh-CN,zh;q=0.9',
  'cookie' => 'PHPSESSID=bbml5rp60gufcpi2mpp4rjl497',
)
[ info ] [ PARAM ] array (
)
[ info ] [ RUN ] app\index\controller\TeacherController->index[ E:\phpstudy\PHPTutorial\WWW\mytp5\application\index\controller\TeacherController.php ]
[ info ] [ DB ] INIT mysql
[ info ] [ SESSION ] INIT array (
  'id' => '',
  'var_session_id' => '',
  'prefix' => 'think',
  'type' => '',
  'auto_start' => true,
)
[ info ] [ VIEW ] E:\phpstudy\PHPTutorial\WWW\mytp5\public/../application/index\view\teacher\index.html [ array (
  0 => 'actives',
) ]
[ info ] [ LOG ] INIT File
[ sql ] [ DB ] CONNECT:[ UseTime:0.011638s ] mysql:host=127.0.0.1;dbname=appoint;charset=utf8
[ sql ] [ SQL ] SHOW COLUMNS FROM `pre_active` [ RunTime:0.010860s ]
[ sql ] [ SQL ] SELECT * FROM `pre_active` WHERE  `tea_id` = 1 [ RunTime:0.000450s ]
---------------------------------------------------------------
[ 2020-04-08T21:44:56+08:00 ] 127.0.0.1 GET 127.0.0.1/mytp5/public/index/teacher/information.html
[运行时间：0.032999s] [吞吐率：30.30req/s] [内存消耗：1,694.16kb] [文件加载：44]
[ info ] [ LANG ] E:\phpstudy\PHPTutorial\WWW\mytp5\thinkphp\lang\zh-cn.php
[ info ] [ ROUTE ] array (
  'type' => 'module',
  'module' => 
  array (
    0 => 'index',
    1 => 'teacher',
    2 => 'information',
  ),
)
[ info ] [ HEADER ] array (
  'host' => '127.0.0.1',
  'connection' => 'keep-alive',
  'upgrade-insecure-requests' => '1',
  'user-agent' => 'Mozilla/5.0 (Windows NT 10.0; Win64; x64) AppleWebKit/537.36 (KHTML, like Gecko) Chrome/80.0.3987.106 Safari/537.36',
  'sec-fetch-dest' => 'document',
  'accept' => 'text/html,application/xhtml+xml,application/xml;q=0.9,image/webp,image/apng,*/*;q=0.8,application/signed-exchange;v=b3;q=0.9',
  'sec-fetch-site' => 'same-origin',
  'sec-fetch-mode' => 'navigate',
  'sec-fetch-user' => '?1',
  'referer' => 'http://127.0.0.1/mytp5/public/index/teacher/index',
  'accept-encoding' => 'gzip, deflate, br',
  'accept-language' => 'zh-CN,zh;q=0.9',
  'cookie' => 'PHPSESSID=bbml5rp60gufcpi2mpp4rjl497',
)
[ info ] [ PARAM ] array (
)
[ info ] [ RUN ] app\index\controller\TeacherController->information[ E:\phpstudy\PHPTutorial\WWW\mytp5\application\index\controller\TeacherController.php ]
[ info ] [ VIEW ] E:\phpstudy\PHPTutorial\WWW\mytp5\public/../application/index\view\teacher\information.html [ array (
) ]
[ info ] [ LOG ] INIT File
---------------------------------------------------------------
[ 2020-04-08T21:45:00+08:00 ] 127.0.0.1 GET 127.0.0.1/mytp5/public/index/teacher/index
[运行时间：0.405066s] [吞吐率：2.47req/s] [内存消耗：2,825.25kb] [文件加载：53]
[ info ] [ LANG ] E:\phpstudy\PHPTutorial\WWW\mytp5\thinkphp\lang\zh-cn.php
[ info ] [ ROUTE ] array (
  'type' => 'module',
  'module' => 
  array (
    0 => 'index',
    1 => 'teacher',
    2 => 'index',
  ),
)
[ info ] [ HEADER ] array (
  'host' => '127.0.0.1',
  'connection' => 'keep-alive',
  'upgrade-insecure-requests' => '1',
  'user-agent' => 'Mozilla/5.0 (Windows NT 10.0; Win64; x64) AppleWebKit/537.36 (KHTML, like Gecko) Chrome/80.0.3987.106 Safari/537.36',
  'sec-fetch-dest' => 'document',
  'accept' => 'text/html,application/xhtml+xml,application/xml;q=0.9,image/webp,image/apng,*/*;q=0.8,application/signed-exchange;v=b3;q=0.9',
  'sec-fetch-site' => 'same-origin',
  'sec-fetch-mode' => 'navigate',
  'sec-fetch-user' => '?1',
  'referer' => 'http://127.0.0.1/mytp5/public/index/teacher/information.html',
  'accept-encoding' => 'gzip, deflate, br',
  'accept-language' => 'zh-CN,zh;q=0.9',
  'cookie' => 'PHPSESSID=bbml5rp60gufcpi2mpp4rjl497',
)
[ info ] [ PARAM ] array (
)
[ info ] [ RUN ] app\index\controller\TeacherController->index[ E:\phpstudy\PHPTutorial\WWW\mytp5\application\index\controller\TeacherController.php ]
[ info ] [ DB ] INIT mysql
[ info ] [ SESSION ] INIT array (
  'id' => '',
  'var_session_id' => '',
  'prefix' => 'think',
  'type' => '',
  'auto_start' => true,
)
[ info ] [ VIEW ] E:\phpstudy\PHPTutorial\WWW\mytp5\public/../application/index\view\teacher\index.html [ array (
  0 => 'actives',
) ]
[ info ] [ LOG ] INIT File
[ sql ] [ DB ] CONNECT:[ UseTime:0.355544s ] mysql:host=127.0.0.1;dbname=appoint;charset=utf8
[ sql ] [ SQL ] SHOW COLUMNS FROM `pre_active` [ RunTime:0.009976s ]
[ sql ] [ SQL ] SELECT * FROM `pre_active` WHERE  `tea_id` = 1 [ RunTime:0.000414s ]
---------------------------------------------------------------
[ 2020-04-08T21:55:51+08:00 ] 127.0.0.1 GET 127.0.0.1/mytp5/public/index/index
[运行时间：0.176269s] [吞吐率：5.67req/s] [内存消耗：2,826.06kb] [文件加载：53]
[ info ] [ LANG ] E:\phpstudy\PHPTutorial\WWW\mytp5\thinkphp\lang\zh-cn.php
[ info ] [ ROUTE ] array (
  'type' => 'module',
  'module' => 
  array (
    0 => 'index',
    1 => 'index',
    2 => NULL,
  ),
)
[ info ] [ HEADER ] array (
  'host' => '127.0.0.1',
  'connection' => 'keep-alive',
  'upgrade-insecure-requests' => '1',
  'user-agent' => 'Mozilla/5.0 (Windows NT 10.0; Win64; x64) AppleWebKit/537.36 (KHTML, like Gecko) Chrome/80.0.3987.106 Safari/537.36',
  'sec-fetch-dest' => 'document',
  'accept' => 'text/html,application/xhtml+xml,application/xml;q=0.9,image/webp,image/apng,*/*;q=0.8,application/signed-exchange;v=b3;q=0.9',
  'sec-fetch-site' => 'same-origin',
  'sec-fetch-mode' => 'navigate',
  'sec-fetch-user' => '?1',
  'referer' => 'http://127.0.0.1/mytp5/public/index/teacher/index',
  'accept-encoding' => 'gzip, deflate, br',
  'accept-language' => 'zh-CN,zh;q=0.9',
  'cookie' => 'PHPSESSID=bbml5rp60gufcpi2mpp4rjl497',
)
[ info ] [ PARAM ] array (
)
[ info ] [ RUN ] app\index\controller\IndexController->index[ E:\phpstudy\PHPTutorial\WWW\mytp5\application\index\controller\IndexController.php ]
[ info ] [ DB ] INIT mysql
[ info ] [ VIEW ] E:\phpstudy\PHPTutorial\WWW\mytp5\public/../application/index\view\index\index.html [ array (
  0 => 'actives',
) ]
[ info ] [ LOG ] INIT File
[ sql ] [ DB ] CONNECT:[ UseTime:0.122972s ] mysql:host=127.0.0.1;dbname=appoint;charset=utf8
[ sql ] [ SQL ] SHOW COLUMNS FROM `pre_active` [ RunTime:0.009879s ]
[ sql ] [ SQL ] SELECT * FROM `pre_active` [ RunTime:0.000398s ]
