---------------------------------------------------------------
[ 2020-03-30T14:20:34+08:00 ] 127.0.0.1 GET 127.0.0.1/mytp5/public/index/Common/
[运行时间：0.232513s] [吞吐率：4.30req/s] [内存消耗：1,832.47kb] [文件加载：46]
[ info ] [ LANG ] E:\phpstudy\PHPTutorial\WWW\mytp5\thinkphp\lang\zh-cn.php
[ info ] [ ROUTE ] array (
  'type' => 'module',
  'module' => 
  array (
    0 => 'index',
    1 => 'Common',
    2 => NULL,
  ),
)
[ info ] [ HEADER ] array (
  'host' => '127.0.0.1',
  'connection' => 'keep-alive',
  'upgrade-insecure-requests' => '1',
  'user-agent' => 'Mozilla/5.0 (Windows NT 10.0; Win64; x64) AppleWebKit/537.36 (KHTML, like Gecko) Chrome/80.0.3987.106 Safari/537.36',
  'sec-fetch-dest' => 'document',
  'accept' => 'text/html,application/xhtml+xml,application/xml;q=0.9,image/webp,image/apng,*/*;q=0.8,application/signed-exchange;v=b3;q=0.9',
  'sec-fetch-site' => 'none',
  'sec-fetch-mode' => 'navigate',
  'sec-fetch-user' => '?1',
  'accept-encoding' => 'gzip, deflate, br',
  'accept-language' => 'zh-CN,zh;q=0.9',
)
[ info ] [ PARAM ] array (
)
[ info ] [ RUN ] app\index\controller\CommonController->index[ E:\phpstudy\PHPTutorial\WWW\mytp5\application\index\controller\CommonController.php ]
[ info ] [ VIEW ] E:\phpstudy\PHPTutorial\WWW\mytp5\public/../application/index\view\common\index.html [ array (
) ]
[ info ] [ LOG ] INIT File
---------------------------------------------------------------
[ 2020-03-30T14:27:35+08:00 ] 127.0.0.1 GET 127.0.0.1/mytp5/public/index/Index/
[运行时间：0.193272s] [吞吐率：5.17req/s] [内存消耗：1,438.52kb] [文件加载：42]
[ info ] [ LANG ] E:\phpstudy\PHPTutorial\WWW\mytp5\thinkphp\lang\zh-cn.php
[ info ] [ ROUTE ] array (
  'type' => 'module',
  'module' => 
  array (
    0 => 'index',
    1 => 'Index',
    2 => NULL,
  ),
)
[ info ] [ HEADER ] array (
  'host' => '127.0.0.1',
  'connection' => 'keep-alive',
  'upgrade-insecure-requests' => '1',
  'user-agent' => 'Mozilla/5.0 (Windows NT 10.0; Win64; x64) AppleWebKit/537.36 (KHTML, like Gecko) Chrome/80.0.3987.106 Safari/537.36',
  'sec-fetch-dest' => 'document',
  'accept' => 'text/html,application/xhtml+xml,application/xml;q=0.9,image/webp,image/apng,*/*;q=0.8,application/signed-exchange;v=b3;q=0.9',
  'sec-fetch-site' => 'none',
  'sec-fetch-mode' => 'navigate',
  'sec-fetch-user' => '?1',
  'accept-encoding' => 'gzip, deflate, br',
  'accept-language' => 'zh-CN,zh;q=0.9',
)
[ info ] [ PARAM ] array (
)
[ info ] [ LOG ] INIT File
---------------------------------------------------------------
[ 2020-03-30T14:29:04+08:00 ] 127.0.0.1 GET 127.0.0.1/mytp5/public/index/Index/index
[运行时间：0.023840s] [吞吐率：41.95req/s] [内存消耗：1,438.63kb] [文件加载：42]
[ info ] [ LANG ] E:\phpstudy\PHPTutorial\WWW\mytp5\thinkphp\lang\zh-cn.php
[ info ] [ ROUTE ] array (
  'type' => 'module',
  'module' => 
  array (
    0 => 'index',
    1 => 'Index',
    2 => 'index',
  ),
)
[ info ] [ HEADER ] array (
  'host' => '127.0.0.1',
  'connection' => 'keep-alive',
  'upgrade-insecure-requests' => '1',
  'user-agent' => 'Mozilla/5.0 (Windows NT 10.0; Win64; x64) AppleWebKit/537.36 (KHTML, like Gecko) Chrome/80.0.3987.106 Safari/537.36',
  'sec-fetch-dest' => 'document',
  'accept' => 'text/html,application/xhtml+xml,application/xml;q=0.9,image/webp,image/apng,*/*;q=0.8,application/signed-exchange;v=b3;q=0.9',
  'sec-fetch-site' => 'none',
  'sec-fetch-mode' => 'navigate',
  'sec-fetch-user' => '?1',
  'accept-encoding' => 'gzip, deflate, br',
  'accept-language' => 'zh-CN,zh;q=0.9',
)
[ info ] [ PARAM ] array (
)
[ info ] [ LOG ] INIT File
---------------------------------------------------------------
[ 2020-03-30T14:29:48+08:00 ] 127.0.0.1 GET 127.0.0.1/mytp5/public/index/page/index
[运行时间：0.030080s] [吞吐率：33.24req/s] [内存消耗：1,438.62kb] [文件加载：42]
[ info ] [ LANG ] E:\phpstudy\PHPTutorial\WWW\mytp5\thinkphp\lang\zh-cn.php
[ info ] [ ROUTE ] array (
  'type' => 'module',
  'module' => 
  array (
    0 => 'index',
    1 => 'page',
    2 => 'index',
  ),
)
[ info ] [ HEADER ] array (
  'host' => '127.0.0.1',
  'connection' => 'keep-alive',
  'upgrade-insecure-requests' => '1',
  'user-agent' => 'Mozilla/5.0 (Windows NT 10.0; Win64; x64) AppleWebKit/537.36 (KHTML, like Gecko) Chrome/80.0.3987.106 Safari/537.36',
  'sec-fetch-dest' => 'document',
  'accept' => 'text/html,application/xhtml+xml,application/xml;q=0.9,image/webp,image/apng,*/*;q=0.8,application/signed-exchange;v=b3;q=0.9',
  'sec-fetch-site' => 'none',
  'sec-fetch-mode' => 'navigate',
  'sec-fetch-user' => '?1',
  'accept-encoding' => 'gzip, deflate, br',
  'accept-language' => 'zh-CN,zh;q=0.9',
)
[ info ] [ PARAM ] array (
)
[ info ] [ LOG ] INIT File
---------------------------------------------------------------
[ 2020-03-30T14:30:17+08:00 ] 127.0.0.1 GET 127.0.0.1/mytp5/public/index/page/index
[运行时间：0.144952s] [吞吐率：6.90req/s] [内存消耗：1,763.46kb] [文件加载：45]
[ info ] [ LANG ] E:\phpstudy\PHPTutorial\WWW\mytp5\thinkphp\lang\zh-cn.php
[ info ] [ ROUTE ] array (
  'type' => 'module',
  'module' => 
  array (
    0 => 'index',
    1 => 'page',
    2 => 'index',
  ),
)
[ info ] [ HEADER ] array (
  'host' => '127.0.0.1',
  'connection' => 'keep-alive',
  'cache-control' => 'max-age=0',
  'upgrade-insecure-requests' => '1',
  'user-agent' => 'Mozilla/5.0 (Windows NT 10.0; Win64; x64) AppleWebKit/537.36 (KHTML, like Gecko) Chrome/80.0.3987.106 Safari/537.36',
  'sec-fetch-dest' => 'document',
  'accept' => 'text/html,application/xhtml+xml,application/xml;q=0.9,image/webp,image/apng,*/*;q=0.8,application/signed-exchange;v=b3;q=0.9',
  'sec-fetch-site' => 'none',
  'sec-fetch-mode' => 'navigate',
  'sec-fetch-user' => '?1',
  'accept-encoding' => 'gzip, deflate, br',
  'accept-language' => 'zh-CN,zh;q=0.9',
)
[ info ] [ PARAM ] array (
)
[ info ] [ RUN ] app\index\controller\pageController->index[ E:\phpstudy\PHPTutorial\WWW\mytp5\application\index\controller\PageController.php ]
[ info ] [ VIEW ] E:\phpstudy\PHPTutorial\WWW\mytp5\public/../application/index\view\page\index.html [ array (
) ]
[ info ] [ LOG ] INIT File
---------------------------------------------------------------
[ 2020-03-30T14:39:05+08:00 ] 127.0.0.1 GET 127.0.0.1/mytp5/public/index/index/index
[运行时间：0.032845s] [吞吐率：30.45req/s] [内存消耗：1,763.41kb] [文件加载：45]
[ info ] [ LANG ] E:\phpstudy\PHPTutorial\WWW\mytp5\thinkphp\lang\zh-cn.php
[ info ] [ ROUTE ] array (
  'type' => 'module',
  'module' => 
  array (
    0 => 'index',
    1 => 'index',
    2 => 'index',
  ),
)
[ info ] [ HEADER ] array (
  'host' => '127.0.0.1',
  'connection' => 'keep-alive',
  'upgrade-insecure-requests' => '1',
  'user-agent' => 'Mozilla/5.0 (Windows NT 10.0; Win64; x64) AppleWebKit/537.36 (KHTML, like Gecko) Chrome/80.0.3987.106 Safari/537.36',
  'sec-fetch-dest' => 'document',
  'accept' => 'text/html,application/xhtml+xml,application/xml;q=0.9,image/webp,image/apng,*/*;q=0.8,application/signed-exchange;v=b3;q=0.9',
  'sec-fetch-site' => 'none',
  'sec-fetch-mode' => 'navigate',
  'sec-fetch-user' => '?1',
  'accept-encoding' => 'gzip, deflate, br',
  'accept-language' => 'zh-CN,zh;q=0.9',
)
[ info ] [ PARAM ] array (
)
[ info ] [ RUN ] app\index\controller\IndexController->index[ E:\phpstudy\PHPTutorial\WWW\mytp5\application\index\controller\IndexController.php ]
[ info ] [ VIEW ] E:\phpstudy\PHPTutorial\WWW\mytp5\public/../application/index\view\index\index.html [ array (
) ]
[ info ] [ LOG ] INIT File
---------------------------------------------------------------
[ 2020-03-30T14:39:18+08:00 ] 127.0.0.1 GET 127.0.0.1/mytp5/public/index/teacher/index
[运行时间：0.031374s] [吞吐率：31.87req/s] [内存消耗：1,832.52kb] [文件加载：46]
[ info ] [ LANG ] E:\phpstudy\PHPTutorial\WWW\mytp5\thinkphp\lang\zh-cn.php
[ info ] [ ROUTE ] array (
  'type' => 'module',
  'module' => 
  array (
    0 => 'index',
    1 => 'teacher',
    2 => 'index',
  ),
)
[ info ] [ HEADER ] array (
  'host' => '127.0.0.1',
  'connection' => 'keep-alive',
  'upgrade-insecure-requests' => '1',
  'user-agent' => 'Mozilla/5.0 (Windows NT 10.0; Win64; x64) AppleWebKit/537.36 (KHTML, like Gecko) Chrome/80.0.3987.106 Safari/537.36',
  'sec-fetch-dest' => 'document',
  'accept' => 'text/html,application/xhtml+xml,application/xml;q=0.9,image/webp,image/apng,*/*;q=0.8,application/signed-exchange;v=b3;q=0.9',
  'sec-fetch-site' => 'none',
  'sec-fetch-mode' => 'navigate',
  'sec-fetch-user' => '?1',
  'accept-encoding' => 'gzip, deflate, br',
  'accept-language' => 'zh-CN,zh;q=0.9',
)
[ info ] [ PARAM ] array (
)
[ info ] [ RUN ] app\index\controller\TeacherController->index[ E:\phpstudy\PHPTutorial\WWW\mytp5\application\index\controller\TeacherController.php ]
[ info ] [ VIEW ] E:\phpstudy\PHPTutorial\WWW\mytp5\public/../application/index\view\teacher\index.html [ array (
) ]
[ info ] [ LOG ] INIT File
---------------------------------------------------------------
[ 2020-03-30T14:41:34+08:00 ] 127.0.0.1 GET 127.0.0.1/mytp5/public/index/Login/index
[运行时间：0.085690s] [吞吐率：11.67req/s] [内存消耗：1,402.61kb] [文件加载：39]
[ info ] [ LANG ] E:\phpstudy\PHPTutorial\WWW\mytp5\thinkphp\lang\zh-cn.php
[ info ] [ ROUTE ] array (
  'type' => 'module',
  'module' => 
  array (
    0 => 'index',
    1 => 'Login',
    2 => 'index',
  ),
)
[ info ] [ HEADER ] array (
  'host' => '127.0.0.1',
  'connection' => 'keep-alive',
  'upgrade-insecure-requests' => '1',
  'user-agent' => 'Mozilla/5.0 (Windows NT 10.0; Win64; x64) AppleWebKit/537.36 (KHTML, like Gecko) Chrome/80.0.3987.106 Safari/537.36',
  'sec-fetch-dest' => 'document',
  'accept' => 'text/html,application/xhtml+xml,application/xml;q=0.9,image/webp,image/apng,*/*;q=0.8,application/signed-exchange;v=b3;q=0.9',
  'sec-fetch-site' => 'none',
  'sec-fetch-mode' => 'navigate',
  'sec-fetch-user' => '?1',
  'accept-encoding' => 'gzip, deflate, br',
  'accept-language' => 'zh-CN,zh;q=0.9',
)
[ info ] [ PARAM ] array (
)
[ info ] [ LOG ] INIT File
[ error ] [4]语法错误: unexpected '/', expecting ')'[E:\phpstudy\PHPTutorial\WWW\mytp5\application\index\controller\LoginController.php:31]
---------------------------------------------------------------
[ 2020-03-30T14:41:58+08:00 ] 127.0.0.1 GET 127.0.0.1/mytp5/public/index/Login/index
[运行时间：0.030872s] [吞吐率：32.39req/s] [内存消耗：1,689.83kb] [文件加载：44]
[ info ] [ LANG ] E:\phpstudy\PHPTutorial\WWW\mytp5\thinkphp\lang\zh-cn.php
[ info ] [ ROUTE ] array (
  'type' => 'module',
  'module' => 
  array (
    0 => 'index',
    1 => 'Login',
    2 => 'index',
  ),
)
[ info ] [ HEADER ] array (
  'host' => '127.0.0.1',
  'connection' => 'keep-alive',
  'cache-control' => 'max-age=0',
  'upgrade-insecure-requests' => '1',
  'user-agent' => 'Mozilla/5.0 (Windows NT 10.0; Win64; x64) AppleWebKit/537.36 (KHTML, like Gecko) Chrome/80.0.3987.106 Safari/537.36',
  'sec-fetch-dest' => 'document',
  'accept' => 'text/html,application/xhtml+xml,application/xml;q=0.9,image/webp,image/apng,*/*;q=0.8,application/signed-exchange;v=b3;q=0.9',
  'sec-fetch-site' => 'none',
  'sec-fetch-mode' => 'navigate',
  'sec-fetch-user' => '?1',
  'accept-encoding' => 'gzip, deflate, br',
  'accept-language' => 'zh-CN,zh;q=0.9',
)
[ info ] [ PARAM ] array (
)
[ info ] [ RUN ] app\index\controller\LoginController->index[ E:\phpstudy\PHPTutorial\WWW\mytp5\application\index\controller\LoginController.php ]
[ info ] [ VIEW ] E:\phpstudy\PHPTutorial\WWW\mytp5\public/../application/index\view\login\index.html [ array (
) ]
[ info ] [ LOG ] INIT File
---------------------------------------------------------------
[ 2020-03-30T14:42:01+08:00 ] 127.0.0.1 POST 127.0.0.1/mytp5/public/index/login/login.html
[运行时间：0.251389s] [吞吐率：3.98req/s] [内存消耗：2,763.95kb] [文件加载：53]
[ info ] [ LANG ] E:\phpstudy\PHPTutorial\WWW\mytp5\thinkphp\lang\zh-cn.php
[ info ] [ ROUTE ] array (
  'type' => 'module',
  'module' => 
  array (
    0 => 'index',
    1 => 'login',
    2 => 'login',
  ),
)
[ info ] [ HEADER ] array (
  'host' => '127.0.0.1',
  'connection' => 'keep-alive',
  'content-length' => '32',
  'cache-control' => 'max-age=0',
  'origin' => 'http://127.0.0.1',
  'upgrade-insecure-requests' => '1',
  'content-type' => 'application/x-www-form-urlencoded',
  'user-agent' => 'Mozilla/5.0 (Windows NT 10.0; Win64; x64) AppleWebKit/537.36 (KHTML, like Gecko) Chrome/80.0.3987.106 Safari/537.36',
  'sec-fetch-dest' => 'document',
  'accept' => 'text/html,application/xhtml+xml,application/xml;q=0.9,image/webp,image/apng,*/*;q=0.8,application/signed-exchange;v=b3;q=0.9',
  'sec-fetch-site' => 'same-origin',
  'sec-fetch-mode' => 'navigate',
  'sec-fetch-user' => '?1',
  'referer' => 'http://127.0.0.1/mytp5/public/index/Login/index',
  'accept-encoding' => 'gzip, deflate, br',
  'accept-language' => 'zh-CN,zh;q=0.9',
)
[ info ] [ PARAM ] array (
  'username' => 'admin',
  'password' => 'password',
)
[ info ] [ RUN ] app\index\controller\LoginController->login[ E:\phpstudy\PHPTutorial\WWW\mytp5\application\index\controller\LoginController.php ]
[ info ] [ DB ] INIT mysql
[ info ] [ VIEW ] E:\phpstudy\PHPTutorial\WWW\mytp5\thinkphp\tpl\dispatch_jump.tpl [ array (
  0 => 'code',
  1 => 'msg',
  2 => 'data',
  3 => 'url',
  4 => 'wait',
) ]
[ info ] [ LOG ] INIT File
[ sql ] [ DB ] CONNECT:[ UseTime:0.017061s ] mysql:host=127.0.0.1;dbname=appoint;charset=utf8
[ sql ] [ SQL ] SHOW COLUMNS FROM `pre_teacher` [ RunTime:0.039462s ]
[ sql ] [ SQL ] SELECT * FROM `pre_teacher` WHERE  `id` = 0 LIMIT 1 [ RunTime:0.000529s ]
---------------------------------------------------------------
[ 2020-03-30T14:42:15+08:00 ] 127.0.0.1 POST 127.0.0.1/mytp5/public/index/login/login.html
[运行时间：0.190271s] [吞吐率：5.26req/s] [内存消耗：2,827.69kb] [文件加载：54]
[ info ] [ LANG ] E:\phpstudy\PHPTutorial\WWW\mytp5\thinkphp\lang\zh-cn.php
[ info ] [ ROUTE ] array (
  'type' => 'module',
  'module' => 
  array (
    0 => 'index',
    1 => 'login',
    2 => 'login',
  ),
)
[ info ] [ HEADER ] array (
  'host' => '127.0.0.1',
  'connection' => 'keep-alive',
  'content-length' => '23',
  'cache-control' => 'max-age=0',
  'origin' => 'http://127.0.0.1',
  'upgrade-insecure-requests' => '1',
  'content-type' => 'application/x-www-form-urlencoded',
  'user-agent' => 'Mozilla/5.0 (Windows NT 10.0; Win64; x64) AppleWebKit/537.36 (KHTML, like Gecko) Chrome/80.0.3987.106 Safari/537.36',
  'sec-fetch-dest' => 'document',
  'accept' => 'text/html,application/xhtml+xml,application/xml;q=0.9,image/webp,image/apng,*/*;q=0.8,application/signed-exchange;v=b3;q=0.9',
  'sec-fetch-site' => 'same-origin',
  'sec-fetch-mode' => 'navigate',
  'sec-fetch-user' => '?1',
  'referer' => 'http://127.0.0.1/mytp5/public/index/Login/index',
  'accept-encoding' => 'gzip, deflate, br',
  'accept-language' => 'zh-CN,zh;q=0.9',
)
[ info ] [ PARAM ] array (
  'username' => '1',
  'password' => '111',
)
[ info ] [ RUN ] app\index\controller\LoginController->login[ E:\phpstudy\PHPTutorial\WWW\mytp5\application\index\controller\LoginController.php ]
[ info ] [ DB ] INIT mysql
[ info ] [ SESSION ] INIT array (
  'id' => '',
  'var_session_id' => '',
  'prefix' => 'think',
  'type' => '',
  'auto_start' => true,
)
[ info ] [ VIEW ] E:\phpstudy\PHPTutorial\WWW\mytp5\thinkphp\tpl\dispatch_jump.tpl [ array (
  0 => 'code',
  1 => 'msg',
  2 => 'data',
  3 => 'url',
  4 => 'wait',
) ]
[ info ] [ LOG ] INIT File
[ sql ] [ DB ] CONNECT:[ UseTime:0.012083s ] mysql:host=127.0.0.1;dbname=appoint;charset=utf8
[ sql ] [ SQL ] SHOW COLUMNS FROM `pre_teacher` [ RunTime:0.040696s ]
[ sql ] [ SQL ] SELECT * FROM `pre_teacher` WHERE  `id` = 1 LIMIT 1 [ RunTime:0.000501s ]
---------------------------------------------------------------
[ 2020-03-30T14:42:18+08:00 ] 127.0.0.1 GET 127.0.0.1/mytp5/public/teacher/index.html
[运行时间：0.019964s] [吞吐率：50.09req/s] [内存消耗：1,380.75kb] [文件加载：38]
[ info ] [ LANG ] E:\phpstudy\PHPTutorial\WWW\mytp5\thinkphp\lang\zh-cn.php
[ info ] [ ROUTE ] array (
  'type' => 'module',
  'module' => 
  array (
    0 => 'teacher',
    1 => 'index',
    2 => NULL,
  ),
)
[ info ] [ HEADER ] array (
  'host' => '127.0.0.1',
  'connection' => 'keep-alive',
  'upgrade-insecure-requests' => '1',
  'user-agent' => 'Mozilla/5.0 (Windows NT 10.0; Win64; x64) AppleWebKit/537.36 (KHTML, like Gecko) Chrome/80.0.3987.106 Safari/537.36',
  'sec-fetch-dest' => 'document',
  'accept' => 'text/html,application/xhtml+xml,application/xml;q=0.9,image/webp,image/apng,*/*;q=0.8,application/signed-exchange;v=b3;q=0.9',
  'sec-fetch-site' => 'same-origin',
  'sec-fetch-mode' => 'navigate',
  'referer' => 'http://127.0.0.1/mytp5/public/index/login/login.html',
  'accept-encoding' => 'gzip, deflate, br',
  'accept-language' => 'zh-CN,zh;q=0.9',
  'cookie' => 'PHPSESSID=7ofg90slp1hqfi5b548scuqh75',
)
[ info ] [ PARAM ] array (
)
[ info ] [ LOG ] INIT File
---------------------------------------------------------------
[ 2020-03-30T14:42:45+08:00 ] 127.0.0.1 GET 127.0.0.1/mytp5/public/teacher/index.html
[运行时间：0.020021s] [吞吐率：49.95req/s] [内存消耗：1,381.11kb] [文件加载：38]
[ info ] [ LANG ] E:\phpstudy\PHPTutorial\WWW\mytp5\thinkphp\lang\zh-cn.php
[ info ] [ ROUTE ] array (
  'type' => 'module',
  'module' => 
  array (
    0 => 'teacher',
    1 => 'index',
    2 => NULL,
  ),
)
[ info ] [ HEADER ] array (
  'host' => '127.0.0.1',
  'connection' => 'keep-alive',
  'cache-control' => 'max-age=0',
  'upgrade-insecure-requests' => '1',
  'user-agent' => 'Mozilla/5.0 (Windows NT 10.0; Win64; x64) AppleWebKit/537.36 (KHTML, like Gecko) Chrome/80.0.3987.106 Safari/537.36',
  'sec-fetch-dest' => 'document',
  'accept' => 'text/html,application/xhtml+xml,application/xml;q=0.9,image/webp,image/apng,*/*;q=0.8,application/signed-exchange;v=b3;q=0.9',
  'sec-fetch-site' => 'same-origin',
  'sec-fetch-mode' => 'navigate',
  'sec-fetch-user' => '?1',
  'referer' => 'http://127.0.0.1/mytp5/public/index/login/login.html',
  'accept-encoding' => 'gzip, deflate, br',
  'accept-language' => 'zh-CN,zh;q=0.9',
  'cookie' => 'PHPSESSID=7ofg90slp1hqfi5b548scuqh75',
)
[ info ] [ PARAM ] array (
)
[ info ] [ LOG ] INIT File
---------------------------------------------------------------
[ 2020-03-30T14:44:00+08:00 ] 127.0.0.1 GET 127.0.0.1/mytp5/public/teacher/index.html
[运行时间：0.030838s] [吞吐率：32.43req/s] [内存消耗：1,380.41kb] [文件加载：38]
[ info ] [ LANG ] E:\phpstudy\PHPTutorial\WWW\mytp5\thinkphp\lang\zh-cn.php
[ info ] [ ROUTE ] array (
  'type' => 'module',
  'module' => 
  array (
    0 => 'teacher',
    1 => 'index',
    2 => NULL,
  ),
)
[ info ] [ HEADER ] array (
  'host' => '127.0.0.1',
  'connection' => 'keep-alive',
  'upgrade-insecure-requests' => '1',
  'user-agent' => 'Mozilla/5.0 (Windows NT 10.0; Win64; x64) AppleWebKit/537.36 (KHTML, like Gecko) Chrome/80.0.3987.106 Safari/537.36',
  'sec-fetch-dest' => 'document',
  'accept' => 'text/html,application/xhtml+xml,application/xml;q=0.9,image/webp,image/apng,*/*;q=0.8,application/signed-exchange;v=b3;q=0.9',
  'sec-fetch-site' => 'none',
  'sec-fetch-mode' => 'navigate',
  'sec-fetch-user' => '?1',
  'accept-encoding' => 'gzip, deflate, br',
  'accept-language' => 'zh-CN,zh;q=0.9',
  'cookie' => 'PHPSESSID=7ofg90slp1hqfi5b548scuqh75',
)
[ info ] [ PARAM ] array (
)
[ info ] [ LOG ] INIT File
---------------------------------------------------------------
[ 2020-03-30T14:44:12+08:00 ] 127.0.0.1 GET 127.0.0.1/mytp5/public/teacher/index
[运行时间：0.024792s] [吞吐率：40.34req/s] [内存消耗：1,380.33kb] [文件加载：38]
[ info ] [ LANG ] E:\phpstudy\PHPTutorial\WWW\mytp5\thinkphp\lang\zh-cn.php
[ info ] [ ROUTE ] array (
  'type' => 'module',
  'module' => 
  array (
    0 => 'teacher',
    1 => 'index',
    2 => NULL,
  ),
)
[ info ] [ HEADER ] array (
  'host' => '127.0.0.1',
  'connection' => 'keep-alive',
  'upgrade-insecure-requests' => '1',
  'user-agent' => 'Mozilla/5.0 (Windows NT 10.0; Win64; x64) AppleWebKit/537.36 (KHTML, like Gecko) Chrome/80.0.3987.106 Safari/537.36',
  'sec-fetch-dest' => 'document',
  'accept' => 'text/html,application/xhtml+xml,application/xml;q=0.9,image/webp,image/apng,*/*;q=0.8,application/signed-exchange;v=b3;q=0.9',
  'sec-fetch-site' => 'none',
  'sec-fetch-mode' => 'navigate',
  'sec-fetch-user' => '?1',
  'accept-encoding' => 'gzip, deflate, br',
  'accept-language' => 'zh-CN,zh;q=0.9',
  'cookie' => 'PHPSESSID=7ofg90slp1hqfi5b548scuqh75',
)
[ info ] [ PARAM ] array (
)
[ info ] [ LOG ] INIT File
---------------------------------------------------------------
[ 2020-03-30T14:44:21+08:00 ] 127.0.0.1 GET 127.0.0.1/mytp5/public/Teacher/index
[运行时间：0.021766s] [吞吐率：45.94req/s] [内存消耗：1,380.33kb] [文件加载：38]
[ info ] [ LANG ] E:\phpstudy\PHPTutorial\WWW\mytp5\thinkphp\lang\zh-cn.php
[ info ] [ ROUTE ] array (
  'type' => 'module',
  'module' => 
  array (
    0 => 'Teacher',
    1 => 'index',
    2 => NULL,
  ),
)
[ info ] [ HEADER ] array (
  'host' => '127.0.0.1',
  'connection' => 'keep-alive',
  'upgrade-insecure-requests' => '1',
  'user-agent' => 'Mozilla/5.0 (Windows NT 10.0; Win64; x64) AppleWebKit/537.36 (KHTML, like Gecko) Chrome/80.0.3987.106 Safari/537.36',
  'sec-fetch-dest' => 'document',
  'accept' => 'text/html,application/xhtml+xml,application/xml;q=0.9,image/webp,image/apng,*/*;q=0.8,application/signed-exchange;v=b3;q=0.9',
  'sec-fetch-site' => 'none',
  'sec-fetch-mode' => 'navigate',
  'sec-fetch-user' => '?1',
  'accept-encoding' => 'gzip, deflate, br',
  'accept-language' => 'zh-CN,zh;q=0.9',
  'cookie' => 'PHPSESSID=7ofg90slp1hqfi5b548scuqh75',
)
[ info ] [ PARAM ] array (
)
[ info ] [ LOG ] INIT File
---------------------------------------------------------------
[ 2020-03-30T14:45:29+08:00 ] 127.0.0.1 GET 127.0.0.1/mytp5/public/Teacher/
[运行时间：0.020157s] [吞吐率：49.61req/s] [内存消耗：1,380.39kb] [文件加载：38]
[ info ] [ LANG ] E:\phpstudy\PHPTutorial\WWW\mytp5\thinkphp\lang\zh-cn.php
[ info ] [ ROUTE ] array (
  'type' => 'module',
  'module' => 
  array (
    0 => 'Teacher',
    1 => NULL,
    2 => NULL,
  ),
)
[ info ] [ HEADER ] array (
  'host' => '127.0.0.1',
  'connection' => 'keep-alive',
  'upgrade-insecure-requests' => '1',
  'user-agent' => 'Mozilla/5.0 (Windows NT 10.0; Win64; x64) AppleWebKit/537.36 (KHTML, like Gecko) Chrome/80.0.3987.106 Safari/537.36',
  'sec-fetch-dest' => 'document',
  'accept' => 'text/html,application/xhtml+xml,application/xml;q=0.9,image/webp,image/apng,*/*;q=0.8,application/signed-exchange;v=b3;q=0.9',
  'sec-fetch-site' => 'none',
  'sec-fetch-mode' => 'navigate',
  'sec-fetch-user' => '?1',
  'accept-encoding' => 'gzip, deflate, br',
  'accept-language' => 'zh-CN,zh;q=0.9',
  'cookie' => 'PHPSESSID=7ofg90slp1hqfi5b548scuqh75',
)
[ info ] [ PARAM ] array (
)
[ info ] [ LOG ] INIT File
---------------------------------------------------------------
[ 2020-03-30T14:45:50+08:00 ] 127.0.0.1 GET 127.0.0.1/mytp5/public/login/
[运行时间：0.021510s] [吞吐率：46.49req/s] [内存消耗：1,380.39kb] [文件加载：38]
[ info ] [ LANG ] E:\phpstudy\PHPTutorial\WWW\mytp5\thinkphp\lang\zh-cn.php
[ info ] [ ROUTE ] array (
  'type' => 'module',
  'module' => 
  array (
    0 => 'login',
    1 => NULL,
    2 => NULL,
  ),
)
[ info ] [ HEADER ] array (
  'host' => '127.0.0.1',
  'connection' => 'keep-alive',
  'upgrade-insecure-requests' => '1',
  'user-agent' => 'Mozilla/5.0 (Windows NT 10.0; Win64; x64) AppleWebKit/537.36 (KHTML, like Gecko) Chrome/80.0.3987.106 Safari/537.36',
  'sec-fetch-dest' => 'document',
  'accept' => 'text/html,application/xhtml+xml,application/xml;q=0.9,image/webp,image/apng,*/*;q=0.8,application/signed-exchange;v=b3;q=0.9',
  'sec-fetch-site' => 'none',
  'sec-fetch-mode' => 'navigate',
  'sec-fetch-user' => '?1',
  'accept-encoding' => 'gzip, deflate, br',
  'accept-language' => 'zh-CN,zh;q=0.9',
  'cookie' => 'PHPSESSID=7ofg90slp1hqfi5b548scuqh75',
)
[ info ] [ PARAM ] array (
)
[ info ] [ LOG ] INIT File
---------------------------------------------------------------
[ 2020-03-30T14:46:05+08:00 ] 127.0.0.1 GET 127.0.0.1/mytp5/public/index/teacher
[运行时间：0.028669s] [吞吐率：34.88req/s] [内存消耗：1,687.84kb] [文件加载：44]
[ info ] [ LANG ] E:\phpstudy\PHPTutorial\WWW\mytp5\thinkphp\lang\zh-cn.php
[ info ] [ ROUTE ] array (
  'type' => 'module',
  'module' => 
  array (
    0 => 'index',
    1 => 'teacher',
    2 => NULL,
  ),
)
[ info ] [ HEADER ] array (
  'host' => '127.0.0.1',
  'connection' => 'keep-alive',
  'upgrade-insecure-requests' => '1',
  'user-agent' => 'Mozilla/5.0 (Windows NT 10.0; Win64; x64) AppleWebKit/537.36 (KHTML, like Gecko) Chrome/80.0.3987.106 Safari/537.36',
  'sec-fetch-dest' => 'document',
  'accept' => 'text/html,application/xhtml+xml,application/xml;q=0.9,image/webp,image/apng,*/*;q=0.8,application/signed-exchange;v=b3;q=0.9',
  'sec-fetch-site' => 'none',
  'sec-fetch-mode' => 'navigate',
  'sec-fetch-user' => '?1',
  'accept-encoding' => 'gzip, deflate, br',
  'accept-language' => 'zh-CN,zh;q=0.9',
  'cookie' => 'PHPSESSID=7ofg90slp1hqfi5b548scuqh75',
)
[ info ] [ PARAM ] array (
)
[ info ] [ RUN ] app\index\controller\TeacherController->index[ E:\phpstudy\PHPTutorial\WWW\mytp5\application\index\controller\TeacherController.php ]
[ info ] [ VIEW ] E:\phpstudy\PHPTutorial\WWW\mytp5\public/../application/index\view\teacher\index.html [ array (
) ]
[ info ] [ LOG ] INIT File
---------------------------------------------------------------
[ 2020-03-30T14:46:49+08:00 ] 127.0.0.1 POST 127.0.0.1/mytp5/public/index/login/login.html
[运行时间：0.059880s] [吞吐率：16.70req/s] [内存消耗：2,827.96kb] [文件加载：54]
[ info ] [ LANG ] E:\phpstudy\PHPTutorial\WWW\mytp5\thinkphp\lang\zh-cn.php
[ info ] [ ROUTE ] array (
  'type' => 'module',
  'module' => 
  array (
    0 => 'index',
    1 => 'login',
    2 => 'login',
  ),
)
[ info ] [ HEADER ] array (
  'host' => '127.0.0.1',
  'connection' => 'keep-alive',
  'content-length' => '23',
  'cache-control' => 'max-age=0',
  'origin' => 'http://127.0.0.1',
  'upgrade-insecure-requests' => '1',
  'content-type' => 'application/x-www-form-urlencoded',
  'user-agent' => 'Mozilla/5.0 (Windows NT 10.0; Win64; x64) AppleWebKit/537.36 (KHTML, like Gecko) Chrome/80.0.3987.106 Safari/537.36',
  'sec-fetch-dest' => 'document',
  'accept' => 'text/html,application/xhtml+xml,application/xml;q=0.9,image/webp,image/apng,*/*;q=0.8,application/signed-exchange;v=b3;q=0.9',
  'sec-fetch-site' => 'same-origin',
  'sec-fetch-mode' => 'navigate',
  'sec-fetch-user' => '?1',
  'referer' => 'http://127.0.0.1/mytp5/public/index/Login/index',
  'accept-encoding' => 'gzip, deflate, br',
  'accept-language' => 'zh-CN,zh;q=0.9',
  'cookie' => 'PHPSESSID=7ofg90slp1hqfi5b548scuqh75',
)
[ info ] [ PARAM ] array (
  'username' => '1',
  'password' => '111',
)
[ info ] [ RUN ] app\index\controller\LoginController->login[ E:\phpstudy\PHPTutorial\WWW\mytp5\application\index\controller\LoginController.php ]
[ info ] [ DB ] INIT mysql
[ info ] [ SESSION ] INIT array (
  'id' => '',
  'var_session_id' => '',
  'prefix' => 'think',
  'type' => '',
  'auto_start' => true,
)
[ info ] [ VIEW ] E:\phpstudy\PHPTutorial\WWW\mytp5\thinkphp\tpl\dispatch_jump.tpl [ array (
  0 => 'code',
  1 => 'msg',
  2 => 'data',
  3 => 'url',
  4 => 'wait',
) ]
[ info ] [ LOG ] INIT File
[ sql ] [ DB ] CONNECT:[ UseTime:0.011414s ] mysql:host=127.0.0.1;dbname=appoint;charset=utf8
[ sql ] [ SQL ] SHOW COLUMNS FROM `pre_teacher` [ RunTime:0.006889s ]
[ sql ] [ SQL ] SELECT * FROM `pre_teacher` WHERE  `id` = 1 LIMIT 1 [ RunTime:0.000400s ]
---------------------------------------------------------------
[ 2020-03-30T14:46:52+08:00 ] 127.0.0.1 GET 127.0.0.1/mytp5/public/index/teacher/index.html
[运行时间：0.024263s] [吞吐率：41.22req/s] [内存消耗：1,688.22kb] [文件加载：44]
[ info ] [ LANG ] E:\phpstudy\PHPTutorial\WWW\mytp5\thinkphp\lang\zh-cn.php
[ info ] [ ROUTE ] array (
  'type' => 'module',
  'module' => 
  array (
    0 => 'index',
    1 => 'teacher',
    2 => 'index',
  ),
)
[ info ] [ HEADER ] array (
  'host' => '127.0.0.1',
  'connection' => 'keep-alive',
  'upgrade-insecure-requests' => '1',
  'user-agent' => 'Mozilla/5.0 (Windows NT 10.0; Win64; x64) AppleWebKit/537.36 (KHTML, like Gecko) Chrome/80.0.3987.106 Safari/537.36',
  'sec-fetch-dest' => 'document',
  'accept' => 'text/html,application/xhtml+xml,application/xml;q=0.9,image/webp,image/apng,*/*;q=0.8,application/signed-exchange;v=b3;q=0.9',
  'sec-fetch-site' => 'same-origin',
  'sec-fetch-mode' => 'navigate',
  'referer' => 'http://127.0.0.1/mytp5/public/index/login/login.html',
  'accept-encoding' => 'gzip, deflate, br',
  'accept-language' => 'zh-CN,zh;q=0.9',
  'cookie' => 'PHPSESSID=7ofg90slp1hqfi5b548scuqh75',
)
[ info ] [ PARAM ] array (
)
[ info ] [ RUN ] app\index\controller\TeacherController->index[ E:\phpstudy\PHPTutorial\WWW\mytp5\application\index\controller\TeacherController.php ]
[ info ] [ VIEW ] E:\phpstudy\PHPTutorial\WWW\mytp5\public/../application/index\view\teacher\index.html [ array (
) ]
[ info ] [ LOG ] INIT File
---------------------------------------------------------------
[ 2020-03-30T14:51:58+08:00 ] 127.0.0.1 GET 127.0.0.1/mytp5/public/index/teacher/index.html
[运行时间：0.041431s] [吞吐率：24.14req/s] [内存消耗：1,882.19kb] [文件加载：50]
[ info ] [ LANG ] E:\phpstudy\PHPTutorial\WWW\mytp5\thinkphp\lang\zh-cn.php
[ info ] [ ROUTE ] array (
  'type' => 'module',
  'module' => 
  array (
    0 => 'index',
    1 => 'teacher',
    2 => 'index',
  ),
)
[ info ] [ HEADER ] array (
  'host' => '127.0.0.1',
  'connection' => 'keep-alive',
  'cache-control' => 'max-age=0',
  'upgrade-insecure-requests' => '1',
  'user-agent' => 'Mozilla/5.0 (Windows NT 10.0; Win64; x64) AppleWebKit/537.36 (KHTML, like Gecko) Chrome/80.0.3987.106 Safari/537.36',
  'sec-fetch-dest' => 'document',
  'accept' => 'text/html,application/xhtml+xml,application/xml;q=0.9,image/webp,image/apng,*/*;q=0.8,application/signed-exchange;v=b3;q=0.9',
  'sec-fetch-site' => 'same-origin',
  'sec-fetch-mode' => 'navigate',
  'sec-fetch-user' => '?1',
  'referer' => 'http://127.0.0.1/mytp5/public/index/login/login.html',
  'accept-encoding' => 'gzip, deflate, br',
  'accept-language' => 'zh-CN,zh;q=0.9',
  'cookie' => 'PHPSESSID=7ofg90slp1hqfi5b548scuqh75',
)
[ info ] [ PARAM ] array (
)
[ info ] [ RUN ] app\index\controller\TeacherController->index[ E:\phpstudy\PHPTutorial\WWW\mytp5\application\index\controller\TeacherController.php ]
[ info ] [ VIEW ] E:\phpstudy\PHPTutorial\WWW\mytp5\public/../application/index\view\teacher\index.html [ array (
) ]
[ info ] [ LOG ] INIT File
[ error ] [8]未定义变量: teachers[E:\phpstudy\PHPTutorial\WWW\mytp5\runtime\temp\573e522114a261d04541e3380fe2ac2d.php:74]
---------------------------------------------------------------
[ 2020-03-30T14:52:45+08:00 ] 127.0.0.1 GET 127.0.0.1/mytp5/public/index/teacher/index.html
[运行时间：0.038230s] [吞吐率：26.16req/s] [内存消耗：1,834.93kb] [文件加载：46]
[ info ] [ LANG ] E:\phpstudy\PHPTutorial\WWW\mytp5\thinkphp\lang\zh-cn.php
[ info ] [ ROUTE ] array (
  'type' => 'module',
  'module' => 
  array (
    0 => 'index',
    1 => 'teacher',
    2 => 'index',
  ),
)
[ info ] [ HEADER ] array (
  'host' => '127.0.0.1',
  'connection' => 'keep-alive',
  'cache-control' => 'max-age=0',
  'upgrade-insecure-requests' => '1',
  'user-agent' => 'Mozilla/5.0 (Windows NT 10.0; Win64; x64) AppleWebKit/537.36 (KHTML, like Gecko) Chrome/80.0.3987.106 Safari/537.36',
  'sec-fetch-dest' => 'document',
  'accept' => 'text/html,application/xhtml+xml,application/xml;q=0.9,image/webp,image/apng,*/*;q=0.8,application/signed-exchange;v=b3;q=0.9',
  'sec-fetch-site' => 'same-origin',
  'sec-fetch-mode' => 'navigate',
  'sec-fetch-user' => '?1',
  'referer' => 'http://127.0.0.1/mytp5/public/index/login/login.html',
  'accept-encoding' => 'gzip, deflate, br',
  'accept-language' => 'zh-CN,zh;q=0.9',
  'cookie' => 'PHPSESSID=7ofg90slp1hqfi5b548scuqh75',
)
[ info ] [ PARAM ] array (
)
[ info ] [ RUN ] app\index\controller\TeacherController->index[ E:\phpstudy\PHPTutorial\WWW\mytp5\application\index\controller\TeacherController.php ]
[ info ] [ VIEW ] E:\phpstudy\PHPTutorial\WWW\mytp5\public/../application/index\view\teacher\index.html [ array (
) ]
[ info ] [ LOG ] INIT File
---------------------------------------------------------------
[ 2020-03-30T14:53:04+08:00 ] 127.0.0.1 GET 127.0.0.1/mytp5/public/index/teacher/index.html
[运行时间：0.029097s] [吞吐率：34.37req/s] [内存消耗：1,835.00kb] [文件加载：46]
[ info ] [ LANG ] E:\phpstudy\PHPTutorial\WWW\mytp5\thinkphp\lang\zh-cn.php
[ info ] [ ROUTE ] array (
  'type' => 'module',
  'module' => 
  array (
    0 => 'index',
    1 => 'teacher',
    2 => 'index',
  ),
)
[ info ] [ HEADER ] array (
  'host' => '127.0.0.1',
  'connection' => 'keep-alive',
  'cache-control' => 'max-age=0',
  'upgrade-insecure-requests' => '1',
  'user-agent' => 'Mozilla/5.0 (Windows NT 10.0; Win64; x64) AppleWebKit/537.36 (KHTML, like Gecko) Chrome/80.0.3987.106 Safari/537.36',
  'sec-fetch-dest' => 'document',
  'accept' => 'text/html,application/xhtml+xml,application/xml;q=0.9,image/webp,image/apng,*/*;q=0.8,application/signed-exchange;v=b3;q=0.9',
  'sec-fetch-site' => 'same-origin',
  'sec-fetch-mode' => 'navigate',
  'sec-fetch-user' => '?1',
  'referer' => 'http://127.0.0.1/mytp5/public/index/login/login.html',
  'accept-encoding' => 'gzip, deflate, br',
  'accept-language' => 'zh-CN,zh;q=0.9',
  'cookie' => 'PHPSESSID=7ofg90slp1hqfi5b548scuqh75',
)
[ info ] [ PARAM ] array (
)
[ info ] [ RUN ] app\index\controller\TeacherController->index[ E:\phpstudy\PHPTutorial\WWW\mytp5\application\index\controller\TeacherController.php ]
[ info ] [ VIEW ] E:\phpstudy\PHPTutorial\WWW\mytp5\public/../application/index\view\teacher\index.html [ array (
) ]
[ info ] [ LOG ] INIT File
---------------------------------------------------------------
[ 2020-03-30T14:53:49+08:00 ] 127.0.0.1 GET 127.0.0.1/mytp5/public/index/teacher/index.html
[运行时间：0.033384s] [吞吐率：29.95req/s] [内存消耗：1,835.08kb] [文件加载：46]
[ info ] [ LANG ] E:\phpstudy\PHPTutorial\WWW\mytp5\thinkphp\lang\zh-cn.php
[ info ] [ ROUTE ] array (
  'type' => 'module',
  'module' => 
  array (
    0 => 'index',
    1 => 'teacher',
    2 => 'index',
  ),
)
[ info ] [ HEADER ] array (
  'host' => '127.0.0.1',
  'connection' => 'keep-alive',
  'cache-control' => 'max-age=0',
  'upgrade-insecure-requests' => '1',
  'user-agent' => 'Mozilla/5.0 (Windows NT 10.0; Win64; x64) AppleWebKit/537.36 (KHTML, like Gecko) Chrome/80.0.3987.106 Safari/537.36',
  'sec-fetch-dest' => 'document',
  'accept' => 'text/html,application/xhtml+xml,application/xml;q=0.9,image/webp,image/apng,*/*;q=0.8,application/signed-exchange;v=b3;q=0.9',
  'sec-fetch-site' => 'same-origin',
  'sec-fetch-mode' => 'navigate',
  'sec-fetch-user' => '?1',
  'referer' => 'http://127.0.0.1/mytp5/public/index/login/login.html',
  'accept-encoding' => 'gzip, deflate, br',
  'accept-language' => 'zh-CN,zh;q=0.9',
  'cookie' => 'PHPSESSID=7ofg90slp1hqfi5b548scuqh75',
)
[ info ] [ PARAM ] array (
)
[ info ] [ RUN ] app\index\controller\TeacherController->index[ E:\phpstudy\PHPTutorial\WWW\mytp5\application\index\controller\TeacherController.php ]
[ info ] [ VIEW ] E:\phpstudy\PHPTutorial\WWW\mytp5\public/../application/index\view\teacher\index.html [ array (
) ]
[ info ] [ LOG ] INIT File
---------------------------------------------------------------
[ 2020-03-30T14:54:56+08:00 ] 127.0.0.1 GET 127.0.0.1/mytp5/public/index/teacher/index.html
[运行时间：0.033118s] [吞吐率：30.20req/s] [内存消耗：1,835.05kb] [文件加载：46]
[ info ] [ LANG ] E:\phpstudy\PHPTutorial\WWW\mytp5\thinkphp\lang\zh-cn.php
[ info ] [ ROUTE ] array (
  'type' => 'module',
  'module' => 
  array (
    0 => 'index',
    1 => 'teacher',
    2 => 'index',
  ),
)
[ info ] [ HEADER ] array (
  'host' => '127.0.0.1',
  'connection' => 'keep-alive',
  'cache-control' => 'max-age=0',
  'upgrade-insecure-requests' => '1',
  'user-agent' => 'Mozilla/5.0 (Windows NT 10.0; Win64; x64) AppleWebKit/537.36 (KHTML, like Gecko) Chrome/80.0.3987.106 Safari/537.36',
  'sec-fetch-dest' => 'document',
  'accept' => 'text/html,application/xhtml+xml,application/xml;q=0.9,image/webp,image/apng,*/*;q=0.8,application/signed-exchange;v=b3;q=0.9',
  'sec-fetch-site' => 'same-origin',
  'sec-fetch-mode' => 'navigate',
  'sec-fetch-user' => '?1',
  'referer' => 'http://127.0.0.1/mytp5/public/index/login/login.html',
  'accept-encoding' => 'gzip, deflate, br',
  'accept-language' => 'zh-CN,zh;q=0.9',
  'cookie' => 'PHPSESSID=7ofg90slp1hqfi5b548scuqh75',
)
[ info ] [ PARAM ] array (
)
[ info ] [ RUN ] app\index\controller\TeacherController->index[ E:\phpstudy\PHPTutorial\WWW\mytp5\application\index\controller\TeacherController.php ]
[ info ] [ VIEW ] E:\phpstudy\PHPTutorial\WWW\mytp5\public/../application/index\view\teacher\index.html [ array (
) ]
[ info ] [ LOG ] INIT File
---------------------------------------------------------------
[ 2020-03-30T14:55:35+08:00 ] 127.0.0.1 GET 127.0.0.1/mytp5/public/index/teacher/index.html
[运行时间：0.032524s] [吞吐率：30.75req/s] [内存消耗：1,835.05kb] [文件加载：46]
[ info ] [ LANG ] E:\phpstudy\PHPTutorial\WWW\mytp5\thinkphp\lang\zh-cn.php
[ info ] [ ROUTE ] array (
  'type' => 'module',
  'module' => 
  array (
    0 => 'index',
    1 => 'teacher',
    2 => 'index',
  ),
)
[ info ] [ HEADER ] array (
  'host' => '127.0.0.1',
  'connection' => 'keep-alive',
  'cache-control' => 'max-age=0',
  'upgrade-insecure-requests' => '1',
  'user-agent' => 'Mozilla/5.0 (Windows NT 10.0; Win64; x64) AppleWebKit/537.36 (KHTML, like Gecko) Chrome/80.0.3987.106 Safari/537.36',
  'sec-fetch-dest' => 'document',
  'accept' => 'text/html,application/xhtml+xml,application/xml;q=0.9,image/webp,image/apng,*/*;q=0.8,application/signed-exchange;v=b3;q=0.9',
  'sec-fetch-site' => 'same-origin',
  'sec-fetch-mode' => 'navigate',
  'sec-fetch-user' => '?1',
  'referer' => 'http://127.0.0.1/mytp5/public/index/login/login.html',
  'accept-encoding' => 'gzip, deflate, br',
  'accept-language' => 'zh-CN,zh;q=0.9',
  'cookie' => 'PHPSESSID=7ofg90slp1hqfi5b548scuqh75',
)
[ info ] [ PARAM ] array (
)
[ info ] [ RUN ] app\index\controller\TeacherController->index[ E:\phpstudy\PHPTutorial\WWW\mytp5\application\index\controller\TeacherController.php ]
[ info ] [ VIEW ] E:\phpstudy\PHPTutorial\WWW\mytp5\public/../application/index\view\teacher\index.html [ array (
) ]
[ info ] [ LOG ] INIT File
---------------------------------------------------------------
[ 2020-03-30T15:00:30+08:00 ] 127.0.0.1 GET 127.0.0.1/mytp5/public/index/Login/
[运行时间：0.033383s] [吞吐率：29.96req/s] [内存消耗：1,828.42kb] [文件加载：46]
[ info ] [ LANG ] E:\phpstudy\PHPTutorial\WWW\mytp5\thinkphp\lang\zh-cn.php
[ info ] [ ROUTE ] array (
  'type' => 'module',
  'module' => 
  array (
    0 => 'index',
    1 => 'Login',
    2 => NULL,
  ),
)
[ info ] [ HEADER ] array (
  'host' => '127.0.0.1',
  'connection' => 'keep-alive',
  'upgrade-insecure-requests' => '1',
  'user-agent' => 'Mozilla/5.0 (Windows NT 10.0; Win64; x64) AppleWebKit/537.36 (KHTML, like Gecko) Chrome/80.0.3987.106 Safari/537.36',
  'sec-fetch-dest' => 'document',
  'accept' => 'text/html,application/xhtml+xml,application/xml;q=0.9,image/webp,image/apng,*/*;q=0.8,application/signed-exchange;v=b3;q=0.9',
  'sec-fetch-site' => 'none',
  'sec-fetch-mode' => 'navigate',
  'sec-fetch-user' => '?1',
  'accept-encoding' => 'gzip, deflate, br',
  'accept-language' => 'zh-CN,zh;q=0.9',
  'cookie' => 'PHPSESSID=7ofg90slp1hqfi5b548scuqh75',
)
[ info ] [ PARAM ] array (
)
[ info ] [ RUN ] app\index\controller\LoginController->index[ E:\phpstudy\PHPTutorial\WWW\mytp5\application\index\controller\LoginController.php ]
[ info ] [ VIEW ] E:\phpstudy\PHPTutorial\WWW\mytp5\public/../application/index\view\login\index.html [ array (
) ]
[ info ] [ LOG ] INIT File
---------------------------------------------------------------
[ 2020-03-30T18:45:21+08:00 ] 127.0.0.1 GET 127.0.0.1/mytp5/public/Index/Index/index
[运行时间：0.031295s] [吞吐率：31.95req/s] [内存消耗：1,626.49kb] [文件加载：43]
[ info ] [ LANG ] E:\phpstudy\PHPTutorial\WWW\mytp5\thinkphp\lang\zh-cn.php
[ info ] [ ROUTE ] array (
  'type' => 'module',
  'module' => 
  array (
    0 => 'Index',
    1 => 'Index',
    2 => 'index',
  ),
)
[ info ] [ HEADER ] array (
  'host' => '127.0.0.1',
  'connection' => 'keep-alive',
  'upgrade-insecure-requests' => '1',
  'user-agent' => 'Mozilla/5.0 (Windows NT 10.0; Win64; x64) AppleWebKit/537.36 (KHTML, like Gecko) Chrome/80.0.3987.106 Safari/537.36',
  'sec-fetch-dest' => 'document',
  'accept' => 'text/html,application/xhtml+xml,application/xml;q=0.9,image/webp,image/apng,*/*;q=0.8,application/signed-exchange;v=b3;q=0.9',
  'sec-fetch-site' => 'none',
  'sec-fetch-mode' => 'navigate',
  'sec-fetch-user' => '?1',
  'accept-encoding' => 'gzip, deflate, br',
  'accept-language' => 'zh-CN,zh;q=0.9',
)
[ info ] [ PARAM ] array (
)
[ info ] [ RUN ] app\index\controller\IndexController->index[ E:\phpstudy\PHPTutorial\WWW\mytp5\application\index\controller\IndexController.php ]
[ info ] [ VIEW ] E:\phpstudy\PHPTutorial\WWW\mytp5\public/../application/index\view\index\index.html [ array (
) ]
[ info ] [ LOG ] INIT File
---------------------------------------------------------------
[ 2020-03-30T18:45:34+08:00 ] 127.0.0.1 GET 127.0.0.1/mytp5/public/Index/teacher/index
[运行时间：0.031312s] [吞吐率：31.94req/s] [内存消耗：1,687.61kb] [文件加载：44]
[ info ] [ LANG ] E:\phpstudy\PHPTutorial\WWW\mytp5\thinkphp\lang\zh-cn.php
[ info ] [ ROUTE ] array (
  'type' => 'module',
  'module' => 
  array (
    0 => 'Index',
    1 => 'teacher',
    2 => 'index',
  ),
)
[ info ] [ HEADER ] array (
  'host' => '127.0.0.1',
  'connection' => 'keep-alive',
  'upgrade-insecure-requests' => '1',
  'user-agent' => 'Mozilla/5.0 (Windows NT 10.0; Win64; x64) AppleWebKit/537.36 (KHTML, like Gecko) Chrome/80.0.3987.106 Safari/537.36',
  'sec-fetch-dest' => 'document',
  'accept' => 'text/html,application/xhtml+xml,application/xml;q=0.9,image/webp,image/apng,*/*;q=0.8,application/signed-exchange;v=b3;q=0.9',
  'sec-fetch-site' => 'none',
  'sec-fetch-mode' => 'navigate',
  'sec-fetch-user' => '?1',
  'accept-encoding' => 'gzip, deflate, br',
  'accept-language' => 'zh-CN,zh;q=0.9',
)
[ info ] [ PARAM ] array (
)
[ info ] [ RUN ] app\index\controller\TeacherController->index[ E:\phpstudy\PHPTutorial\WWW\mytp5\application\index\controller\TeacherController.php ]
[ info ] [ VIEW ] E:\phpstudy\PHPTutorial\WWW\mytp5\public/../application/index\view\teacher\index.html [ array (
) ]
[ info ] [ LOG ] INIT File
---------------------------------------------------------------
[ 2020-03-30T22:37:13+08:00 ] 127.0.0.1 GET 127.0.0.1/mytp5/public/index/index/
[运行时间：0.310516s] [吞吐率：3.22req/s] [内存消耗：1,763.57kb] [文件加载：45]
[ info ] [ LANG ] E:\phpstudy\PHPTutorial\WWW\mytp5\thinkphp\lang\zh-cn.php
[ info ] [ ROUTE ] array (
  'type' => 'module',
  'module' => 
  array (
    0 => 'index',
    1 => 'index',
    2 => NULL,
  ),
)
[ info ] [ HEADER ] array (
  'host' => '127.0.0.1',
  'connection' => 'keep-alive',
  'upgrade-insecure-requests' => '1',
  'user-agent' => 'Mozilla/5.0 (Windows NT 10.0; Win64; x64) AppleWebKit/537.36 (KHTML, like Gecko) Chrome/80.0.3987.106 Safari/537.36',
  'sec-fetch-dest' => 'document',
  'accept' => 'text/html,application/xhtml+xml,application/xml;q=0.9,image/webp,image/apng,*/*;q=0.8,application/signed-exchange;v=b3;q=0.9',
  'sec-fetch-site' => 'none',
  'sec-fetch-mode' => 'navigate',
  'sec-fetch-user' => '?1',
  'accept-encoding' => 'gzip, deflate, br',
  'accept-language' => 'zh-CN,zh;q=0.9',
)
[ info ] [ PARAM ] array (
)
[ info ] [ RUN ] app\index\controller\IndexController->index[ E:\phpstudy\PHPTutorial\WWW\mytp5\application\index\controller\IndexController.php ]
[ info ] [ VIEW ] E:\phpstudy\PHPTutorial\WWW\mytp5\public/../application/index\view\index\index.html [ array (
) ]
[ info ] [ LOG ] INIT File
---------------------------------------------------------------
[ 2020-03-30T22:37:37+08:00 ] 127.0.0.1 GET 127.0.0.1/mytp5/public/index/index/
[运行时间：0.114139s] [吞吐率：8.76req/s] [内存消耗：1,764.01kb] [文件加载：45]
[ info ] [ LANG ] E:\phpstudy\PHPTutorial\WWW\mytp5\thinkphp\lang\zh-cn.php
[ info ] [ ROUTE ] array (
  'type' => 'module',
  'module' => 
  array (
    0 => 'index',
    1 => 'index',
    2 => NULL,
  ),
)
[ info ] [ HEADER ] array (
  'host' => '127.0.0.1',
  'connection' => 'keep-alive',
  'cache-control' => 'max-age=0',
  'upgrade-insecure-requests' => '1',
  'user-agent' => 'Mozilla/5.0 (Windows NT 10.0; Win64; x64) AppleWebKit/537.36 (KHTML, like Gecko) Chrome/80.0.3987.106 Safari/537.36',
  'sec-fetch-dest' => 'document',
  'accept' => 'text/html,application/xhtml+xml,application/xml;q=0.9,image/webp,image/apng,*/*;q=0.8,application/signed-exchange;v=b3;q=0.9',
  'sec-fetch-site' => 'none',
  'sec-fetch-mode' => 'navigate',
  'sec-fetch-user' => '?1',
  'accept-encoding' => 'gzip, deflate, br',
  'accept-language' => 'zh-CN,zh;q=0.9',
)
[ info ] [ PARAM ] array (
)
[ info ] [ RUN ] app\index\controller\IndexController->index[ E:\phpstudy\PHPTutorial\WWW\mytp5\application\index\controller\IndexController.php ]
[ info ] [ VIEW ] E:\phpstudy\PHPTutorial\WWW\mytp5\public/../application/index\view\index\index.html [ array (
) ]
[ info ] [ LOG ] INIT File
---------------------------------------------------------------
[ 2020-03-30T22:38:21+08:00 ] 127.0.0.1 GET 127.0.0.1/mytp5/public/Index/Teacher/index
[运行时间：0.169152s] [吞吐率：5.91req/s] [内存消耗：1,687.61kb] [文件加载：44]
[ info ] [ LANG ] E:\phpstudy\PHPTutorial\WWW\mytp5\thinkphp\lang\zh-cn.php
[ info ] [ ROUTE ] array (
  'type' => 'module',
  'module' => 
  array (
    0 => 'Index',
    1 => 'Teacher',
    2 => 'index',
  ),
)
[ info ] [ HEADER ] array (
  'host' => '127.0.0.1',
  'connection' => 'keep-alive',
  'upgrade-insecure-requests' => '1',
  'user-agent' => 'Mozilla/5.0 (Windows NT 10.0; Win64; x64) AppleWebKit/537.36 (KHTML, like Gecko) Chrome/80.0.3987.106 Safari/537.36',
  'sec-fetch-dest' => 'document',
  'accept' => 'text/html,application/xhtml+xml,application/xml;q=0.9,image/webp,image/apng,*/*;q=0.8,application/signed-exchange;v=b3;q=0.9',
  'sec-fetch-site' => 'none',
  'sec-fetch-mode' => 'navigate',
  'sec-fetch-user' => '?1',
  'accept-encoding' => 'gzip, deflate, br',
  'accept-language' => 'zh-CN,zh;q=0.9',
)
[ info ] [ PARAM ] array (
)
[ info ] [ RUN ] app\index\controller\TeacherController->index[ E:\phpstudy\PHPTutorial\WWW\mytp5\application\index\controller\TeacherController.php ]
[ info ] [ VIEW ] E:\phpstudy\PHPTutorial\WWW\mytp5\public/../application/index\view\teacher\index.html [ array (
) ]
[ info ] [ LOG ] INIT File
---------------------------------------------------------------
[ 2020-03-30T22:51:05+08:00 ] 127.0.0.1 GET 127.0.0.1/mytp5/public/index/index/
[运行时间：0.208139s] [吞吐率：4.80req/s] [内存消耗：1,764.28kb] [文件加载：45]
[ info ] [ LANG ] E:\phpstudy\PHPTutorial\WWW\mytp5\thinkphp\lang\zh-cn.php
[ info ] [ ROUTE ] array (
  'type' => 'module',
  'module' => 
  array (
    0 => 'index',
    1 => 'index',
    2 => NULL,
  ),
)
[ info ] [ HEADER ] array (
  'host' => '127.0.0.1',
  'connection' => 'keep-alive',
  'cache-control' => 'max-age=0',
  'upgrade-insecure-requests' => '1',
  'user-agent' => 'Mozilla/5.0 (Windows NT 10.0; Win64; x64) AppleWebKit/537.36 (KHTML, like Gecko) Chrome/80.0.3987.106 Safari/537.36',
  'sec-fetch-dest' => 'document',
  'accept' => 'text/html,application/xhtml+xml,application/xml;q=0.9,image/webp,image/apng,*/*;q=0.8,application/signed-exchange;v=b3;q=0.9',
  'sec-fetch-site' => 'none',
  'sec-fetch-mode' => 'navigate',
  'sec-fetch-user' => '?1',
  'accept-encoding' => 'gzip, deflate, br',
  'accept-language' => 'zh-CN,zh;q=0.9',
)
[ info ] [ PARAM ] array (
)
[ info ] [ RUN ] app\index\controller\IndexController->index[ E:\phpstudy\PHPTutorial\WWW\mytp5\application\index\controller\IndexController.php ]
[ info ] [ VIEW ] E:\phpstudy\PHPTutorial\WWW\mytp5\public/../application/index\view\index\index.html [ array (
) ]
[ info ] [ LOG ] INIT File
---------------------------------------------------------------
[ 2020-03-30T22:52:38+08:00 ] 127.0.0.1 GET 127.0.0.1/mytp5/public/index/index/
[运行时间：0.033806s] [吞吐率：29.58req/s] [内存消耗：1,764.37kb] [文件加载：45]
[ info ] [ LANG ] E:\phpstudy\PHPTutorial\WWW\mytp5\thinkphp\lang\zh-cn.php
[ info ] [ ROUTE ] array (
  'type' => 'module',
  'module' => 
  array (
    0 => 'index',
    1 => 'index',
    2 => NULL,
  ),
)
[ info ] [ HEADER ] array (
  'host' => '127.0.0.1',
  'connection' => 'keep-alive',
  'cache-control' => 'max-age=0',
  'upgrade-insecure-requests' => '1',
  'user-agent' => 'Mozilla/5.0 (Windows NT 10.0; Win64; x64) AppleWebKit/537.36 (KHTML, like Gecko) Chrome/80.0.3987.106 Safari/537.36',
  'sec-fetch-dest' => 'document',
  'accept' => 'text/html,application/xhtml+xml,application/xml;q=0.9,image/webp,image/apng,*/*;q=0.8,application/signed-exchange;v=b3;q=0.9',
  'sec-fetch-site' => 'none',
  'sec-fetch-mode' => 'navigate',
  'sec-fetch-user' => '?1',
  'accept-encoding' => 'gzip, deflate, br',
  'accept-language' => 'zh-CN,zh;q=0.9',
)
[ info ] [ PARAM ] array (
)
[ info ] [ RUN ] app\index\controller\IndexController->index[ E:\phpstudy\PHPTutorial\WWW\mytp5\application\index\controller\IndexController.php ]
[ info ] [ VIEW ] E:\phpstudy\PHPTutorial\WWW\mytp5\public/../application/index\view\index\index.html [ array (
) ]
[ info ] [ LOG ] INIT File
---------------------------------------------------------------
[ 2020-03-30T22:52:40+08:00 ] 127.0.0.1 GET 127.0.0.1/mytp5/public/index/index/
[运行时间：0.024697s] [吞吐率：40.49req/s] [内存消耗：1,626.62kb] [文件加载：43]
[ info ] [ LANG ] E:\phpstudy\PHPTutorial\WWW\mytp5\thinkphp\lang\zh-cn.php
[ info ] [ ROUTE ] array (
  'type' => 'module',
  'module' => 
  array (
    0 => 'index',
    1 => 'index',
    2 => NULL,
  ),
)
[ info ] [ HEADER ] array (
  'host' => '127.0.0.1',
  'connection' => 'keep-alive',
  'cache-control' => 'max-age=0',
  'upgrade-insecure-requests' => '1',
  'user-agent' => 'Mozilla/5.0 (Windows NT 10.0; Win64; x64) AppleWebKit/537.36 (KHTML, like Gecko) Chrome/80.0.3987.106 Safari/537.36',
  'sec-fetch-dest' => 'document',
  'accept' => 'text/html,application/xhtml+xml,application/xml;q=0.9,image/webp,image/apng,*/*;q=0.8,application/signed-exchange;v=b3;q=0.9',
  'sec-fetch-site' => 'none',
  'sec-fetch-mode' => 'navigate',
  'sec-fetch-user' => '?1',
  'accept-encoding' => 'gzip, deflate, br',
  'accept-language' => 'zh-CN,zh;q=0.9',
)
[ info ] [ PARAM ] array (
)
[ info ] [ RUN ] app\index\controller\IndexController->index[ E:\phpstudy\PHPTutorial\WWW\mytp5\application\index\controller\IndexController.php ]
[ info ] [ VIEW ] E:\phpstudy\PHPTutorial\WWW\mytp5\public/../application/index\view\index\index.html [ array (
) ]
[ info ] [ LOG ] INIT File
---------------------------------------------------------------
[ 2020-03-30T22:52:40+08:00 ] 127.0.0.1 GET 127.0.0.1/mytp5/public/index/index/
[运行时间：0.031533s] [吞吐率：31.71req/s] [内存消耗：1,626.62kb] [文件加载：43]
[ info ] [ LANG ] E:\phpstudy\PHPTutorial\WWW\mytp5\thinkphp\lang\zh-cn.php
[ info ] [ ROUTE ] array (
  'type' => 'module',
  'module' => 
  array (
    0 => 'index',
    1 => 'index',
    2 => NULL,
  ),
)
[ info ] [ HEADER ] array (
  'host' => '127.0.0.1',
  'connection' => 'keep-alive',
  'cache-control' => 'max-age=0',
  'upgrade-insecure-requests' => '1',
  'user-agent' => 'Mozilla/5.0 (Windows NT 10.0; Win64; x64) AppleWebKit/537.36 (KHTML, like Gecko) Chrome/80.0.3987.106 Safari/537.36',
  'sec-fetch-dest' => 'document',
  'accept' => 'text/html,application/xhtml+xml,application/xml;q=0.9,image/webp,image/apng,*/*;q=0.8,application/signed-exchange;v=b3;q=0.9',
  'sec-fetch-site' => 'none',
  'sec-fetch-mode' => 'navigate',
  'sec-fetch-user' => '?1',
  'accept-encoding' => 'gzip, deflate, br',
  'accept-language' => 'zh-CN,zh;q=0.9',
)
[ info ] [ PARAM ] array (
)
[ info ] [ RUN ] app\index\controller\IndexController->index[ E:\phpstudy\PHPTutorial\WWW\mytp5\application\index\controller\IndexController.php ]
[ info ] [ VIEW ] E:\phpstudy\PHPTutorial\WWW\mytp5\public/../application/index\view\index\index.html [ array (
) ]
[ info ] [ LOG ] INIT File
---------------------------------------------------------------
[ 2020-03-30T22:52:40+08:00 ] 127.0.0.1 GET 127.0.0.1/mytp5/public/index/index/
[运行时间：0.028487s] [吞吐率：35.10req/s] [内存消耗：1,626.62kb] [文件加载：43]
[ info ] [ LANG ] E:\phpstudy\PHPTutorial\WWW\mytp5\thinkphp\lang\zh-cn.php
[ info ] [ ROUTE ] array (
  'type' => 'module',
  'module' => 
  array (
    0 => 'index',
    1 => 'index',
    2 => NULL,
  ),
)
[ info ] [ HEADER ] array (
  'host' => '127.0.0.1',
  'connection' => 'keep-alive',
  'cache-control' => 'max-age=0',
  'upgrade-insecure-requests' => '1',
  'user-agent' => 'Mozilla/5.0 (Windows NT 10.0; Win64; x64) AppleWebKit/537.36 (KHTML, like Gecko) Chrome/80.0.3987.106 Safari/537.36',
  'sec-fetch-dest' => 'document',
  'accept' => 'text/html,application/xhtml+xml,application/xml;q=0.9,image/webp,image/apng,*/*;q=0.8,application/signed-exchange;v=b3;q=0.9',
  'sec-fetch-site' => 'none',
  'sec-fetch-mode' => 'navigate',
  'sec-fetch-user' => '?1',
  'accept-encoding' => 'gzip, deflate, br',
  'accept-language' => 'zh-CN,zh;q=0.9',
)
[ info ] [ PARAM ] array (
)
[ info ] [ RUN ] app\index\controller\IndexController->index[ E:\phpstudy\PHPTutorial\WWW\mytp5\application\index\controller\IndexController.php ]
[ info ] [ VIEW ] E:\phpstudy\PHPTutorial\WWW\mytp5\public/../application/index\view\index\index.html [ array (
) ]
[ info ] [ LOG ] INIT File
---------------------------------------------------------------
[ 2020-03-30T22:52:40+08:00 ] 127.0.0.1 GET 127.0.0.1/mytp5/public/index/index/
[运行时间：0.022633s] [吞吐率：44.18req/s] [内存消耗：1,626.62kb] [文件加载：43]
[ info ] [ LANG ] E:\phpstudy\PHPTutorial\WWW\mytp5\thinkphp\lang\zh-cn.php
[ info ] [ ROUTE ] array (
  'type' => 'module',
  'module' => 
  array (
    0 => 'index',
    1 => 'index',
    2 => NULL,
  ),
)
[ info ] [ HEADER ] array (
  'host' => '127.0.0.1',
  'connection' => 'keep-alive',
  'cache-control' => 'max-age=0',
  'upgrade-insecure-requests' => '1',
  'user-agent' => 'Mozilla/5.0 (Windows NT 10.0; Win64; x64) AppleWebKit/537.36 (KHTML, like Gecko) Chrome/80.0.3987.106 Safari/537.36',
  'sec-fetch-dest' => 'document',
  'accept' => 'text/html,application/xhtml+xml,application/xml;q=0.9,image/webp,image/apng,*/*;q=0.8,application/signed-exchange;v=b3;q=0.9',
  'sec-fetch-site' => 'none',
  'sec-fetch-mode' => 'navigate',
  'sec-fetch-user' => '?1',
  'accept-encoding' => 'gzip, deflate, br',
  'accept-language' => 'zh-CN,zh;q=0.9',
)
[ info ] [ PARAM ] array (
)
[ info ] [ RUN ] app\index\controller\IndexController->index[ E:\phpstudy\PHPTutorial\WWW\mytp5\application\index\controller\IndexController.php ]
[ info ] [ VIEW ] E:\phpstudy\PHPTutorial\WWW\mytp5\public/../application/index\view\index\index.html [ array (
) ]
[ info ] [ LOG ] INIT File
---------------------------------------------------------------
[ 2020-03-30T22:52:41+08:00 ] 127.0.0.1 GET 127.0.0.1/mytp5/public/index/index/
[运行时间：0.023191s] [吞吐率：43.12req/s] [内存消耗：1,626.62kb] [文件加载：43]
[ info ] [ LANG ] E:\phpstudy\PHPTutorial\WWW\mytp5\thinkphp\lang\zh-cn.php
[ info ] [ ROUTE ] array (
  'type' => 'module',
  'module' => 
  array (
    0 => 'index',
    1 => 'index',
    2 => NULL,
  ),
)
[ info ] [ HEADER ] array (
  'host' => '127.0.0.1',
  'connection' => 'keep-alive',
  'cache-control' => 'max-age=0',
  'upgrade-insecure-requests' => '1',
  'user-agent' => 'Mozilla/5.0 (Windows NT 10.0; Win64; x64) AppleWebKit/537.36 (KHTML, like Gecko) Chrome/80.0.3987.106 Safari/537.36',
  'sec-fetch-dest' => 'document',
  'accept' => 'text/html,application/xhtml+xml,application/xml;q=0.9,image/webp,image/apng,*/*;q=0.8,application/signed-exchange;v=b3;q=0.9',
  'sec-fetch-site' => 'none',
  'sec-fetch-mode' => 'navigate',
  'sec-fetch-user' => '?1',
  'accept-encoding' => 'gzip, deflate, br',
  'accept-language' => 'zh-CN,zh;q=0.9',
)
[ info ] [ PARAM ] array (
)
[ info ] [ RUN ] app\index\controller\IndexController->index[ E:\phpstudy\PHPTutorial\WWW\mytp5\application\index\controller\IndexController.php ]
[ info ] [ VIEW ] E:\phpstudy\PHPTutorial\WWW\mytp5\public/../application/index\view\index\index.html [ array (
) ]
[ info ] [ LOG ] INIT File
---------------------------------------------------------------
[ 2020-03-30T22:52:41+08:00 ] 127.0.0.1 GET 127.0.0.1/mytp5/public/index/index/
[运行时间：0.022926s] [吞吐率：43.62req/s] [内存消耗：1,626.62kb] [文件加载：43]
[ info ] [ LANG ] E:\phpstudy\PHPTutorial\WWW\mytp5\thinkphp\lang\zh-cn.php
[ info ] [ ROUTE ] array (
  'type' => 'module',
  'module' => 
  array (
    0 => 'index',
    1 => 'index',
    2 => NULL,
  ),
)
[ info ] [ HEADER ] array (
  'host' => '127.0.0.1',
  'connection' => 'keep-alive',
  'cache-control' => 'max-age=0',
  'upgrade-insecure-requests' => '1',
  'user-agent' => 'Mozilla/5.0 (Windows NT 10.0; Win64; x64) AppleWebKit/537.36 (KHTML, like Gecko) Chrome/80.0.3987.106 Safari/537.36',
  'sec-fetch-dest' => 'document',
  'accept' => 'text/html,application/xhtml+xml,application/xml;q=0.9,image/webp,image/apng,*/*;q=0.8,application/signed-exchange;v=b3;q=0.9',
  'sec-fetch-site' => 'none',
  'sec-fetch-mode' => 'navigate',
  'sec-fetch-user' => '?1',
  'accept-encoding' => 'gzip, deflate, br',
  'accept-language' => 'zh-CN,zh;q=0.9',
)
[ info ] [ PARAM ] array (
)
[ info ] [ RUN ] app\index\controller\IndexController->index[ E:\phpstudy\PHPTutorial\WWW\mytp5\application\index\controller\IndexController.php ]
[ info ] [ VIEW ] E:\phpstudy\PHPTutorial\WWW\mytp5\public/../application/index\view\index\index.html [ array (
) ]
[ info ] [ LOG ] INIT File
---------------------------------------------------------------
[ 2020-03-30T22:52:41+08:00 ] 127.0.0.1 GET 127.0.0.1/mytp5/public/index/index/
[运行时间：0.027231s] [吞吐率：36.72req/s] [内存消耗：1,626.62kb] [文件加载：43]
[ info ] [ LANG ] E:\phpstudy\PHPTutorial\WWW\mytp5\thinkphp\lang\zh-cn.php
[ info ] [ ROUTE ] array (
  'type' => 'module',
  'module' => 
  array (
    0 => 'index',
    1 => 'index',
    2 => NULL,
  ),
)
[ info ] [ HEADER ] array (
  'host' => '127.0.0.1',
  'connection' => 'keep-alive',
  'cache-control' => 'max-age=0',
  'upgrade-insecure-requests' => '1',
  'user-agent' => 'Mozilla/5.0 (Windows NT 10.0; Win64; x64) AppleWebKit/537.36 (KHTML, like Gecko) Chrome/80.0.3987.106 Safari/537.36',
  'sec-fetch-dest' => 'document',
  'accept' => 'text/html,application/xhtml+xml,application/xml;q=0.9,image/webp,image/apng,*/*;q=0.8,application/signed-exchange;v=b3;q=0.9',
  'sec-fetch-site' => 'none',
  'sec-fetch-mode' => 'navigate',
  'sec-fetch-user' => '?1',
  'accept-encoding' => 'gzip, deflate, br',
  'accept-language' => 'zh-CN,zh;q=0.9',
)
[ info ] [ PARAM ] array (
)
[ info ] [ RUN ] app\index\controller\IndexController->index[ E:\phpstudy\PHPTutorial\WWW\mytp5\application\index\controller\IndexController.php ]
[ info ] [ VIEW ] E:\phpstudy\PHPTutorial\WWW\mytp5\public/../application/index\view\index\index.html [ array (
) ]
[ info ] [ LOG ] INIT File
---------------------------------------------------------------
[ 2020-03-30T22:52:42+08:00 ] 127.0.0.1 GET 127.0.0.1/mytp5/public/index/index/
[运行时间：0.036501s] [吞吐率：27.40req/s] [内存消耗：1,626.62kb] [文件加载：43]
[ info ] [ LANG ] E:\phpstudy\PHPTutorial\WWW\mytp5\thinkphp\lang\zh-cn.php
[ info ] [ ROUTE ] array (
  'type' => 'module',
  'module' => 
  array (
    0 => 'index',
    1 => 'index',
    2 => NULL,
  ),
)
[ info ] [ HEADER ] array (
  'host' => '127.0.0.1',
  'connection' => 'keep-alive',
  'cache-control' => 'max-age=0',
  'upgrade-insecure-requests' => '1',
  'user-agent' => 'Mozilla/5.0 (Windows NT 10.0; Win64; x64) AppleWebKit/537.36 (KHTML, like Gecko) Chrome/80.0.3987.106 Safari/537.36',
  'sec-fetch-dest' => 'document',
  'accept' => 'text/html,application/xhtml+xml,application/xml;q=0.9,image/webp,image/apng,*/*;q=0.8,application/signed-exchange;v=b3;q=0.9',
  'sec-fetch-site' => 'none',
  'sec-fetch-mode' => 'navigate',
  'sec-fetch-user' => '?1',
  'accept-encoding' => 'gzip, deflate, br',
  'accept-language' => 'zh-CN,zh;q=0.9',
)
[ info ] [ PARAM ] array (
)
[ info ] [ RUN ] app\index\controller\IndexController->index[ E:\phpstudy\PHPTutorial\WWW\mytp5\application\index\controller\IndexController.php ]
[ info ] [ VIEW ] E:\phpstudy\PHPTutorial\WWW\mytp5\public/../application/index\view\index\index.html [ array (
) ]
[ info ] [ LOG ] INIT File
---------------------------------------------------------------
[ 2020-03-30T22:52:42+08:00 ] 127.0.0.1 GET 127.0.0.1/mytp5/public/index/index/
[运行时间：0.023319s] [吞吐率：42.88req/s] [内存消耗：1,626.62kb] [文件加载：43]
[ info ] [ LANG ] E:\phpstudy\PHPTutorial\WWW\mytp5\thinkphp\lang\zh-cn.php
[ info ] [ ROUTE ] array (
  'type' => 'module',
  'module' => 
  array (
    0 => 'index',
    1 => 'index',
    2 => NULL,
  ),
)
[ info ] [ HEADER ] array (
  'host' => '127.0.0.1',
  'connection' => 'keep-alive',
  'cache-control' => 'max-age=0',
  'upgrade-insecure-requests' => '1',
  'user-agent' => 'Mozilla/5.0 (Windows NT 10.0; Win64; x64) AppleWebKit/537.36 (KHTML, like Gecko) Chrome/80.0.3987.106 Safari/537.36',
  'sec-fetch-dest' => 'document',
  'accept' => 'text/html,application/xhtml+xml,application/xml;q=0.9,image/webp,image/apng,*/*;q=0.8,application/signed-exchange;v=b3;q=0.9',
  'sec-fetch-site' => 'none',
  'sec-fetch-mode' => 'navigate',
  'sec-fetch-user' => '?1',
  'accept-encoding' => 'gzip, deflate, br',
  'accept-language' => 'zh-CN,zh;q=0.9',
)
[ info ] [ PARAM ] array (
)
[ info ] [ RUN ] app\index\controller\IndexController->index[ E:\phpstudy\PHPTutorial\WWW\mytp5\application\index\controller\IndexController.php ]
[ info ] [ VIEW ] E:\phpstudy\PHPTutorial\WWW\mytp5\public/../application/index\view\index\index.html [ array (
) ]
[ info ] [ LOG ] INIT File
---------------------------------------------------------------
[ 2020-03-30T22:52:42+08:00 ] 127.0.0.1 GET 127.0.0.1/mytp5/public/index/index/
[运行时间：0.025814s] [吞吐率：38.74req/s] [内存消耗：1,626.62kb] [文件加载：43]
[ info ] [ LANG ] E:\phpstudy\PHPTutorial\WWW\mytp5\thinkphp\lang\zh-cn.php
[ info ] [ ROUTE ] array (
  'type' => 'module',
  'module' => 
  array (
    0 => 'index',
    1 => 'index',
    2 => NULL,
  ),
)
[ info ] [ HEADER ] array (
  'host' => '127.0.0.1',
  'connection' => 'keep-alive',
  'cache-control' => 'max-age=0',
  'upgrade-insecure-requests' => '1',
  'user-agent' => 'Mozilla/5.0 (Windows NT 10.0; Win64; x64) AppleWebKit/537.36 (KHTML, like Gecko) Chrome/80.0.3987.106 Safari/537.36',
  'sec-fetch-dest' => 'document',
  'accept' => 'text/html,application/xhtml+xml,application/xml;q=0.9,image/webp,image/apng,*/*;q=0.8,application/signed-exchange;v=b3;q=0.9',
  'sec-fetch-site' => 'none',
  'sec-fetch-mode' => 'navigate',
  'sec-fetch-user' => '?1',
  'accept-encoding' => 'gzip, deflate, br',
  'accept-language' => 'zh-CN,zh;q=0.9',
)
[ info ] [ PARAM ] array (
)
[ info ] [ RUN ] app\index\controller\IndexController->index[ E:\phpstudy\PHPTutorial\WWW\mytp5\application\index\controller\IndexController.php ]
[ info ] [ VIEW ] E:\phpstudy\PHPTutorial\WWW\mytp5\public/../application/index\view\index\index.html [ array (
) ]
[ info ] [ LOG ] INIT File
---------------------------------------------------------------
[ 2020-03-30T22:53:07+08:00 ] 127.0.0.1 GET 127.0.0.1/mytp5/public/index/index/
[运行时间：0.031218s] [吞吐率：32.03req/s] [内存消耗：1,764.38kb] [文件加载：45]
[ info ] [ LANG ] E:\phpstudy\PHPTutorial\WWW\mytp5\thinkphp\lang\zh-cn.php
[ info ] [ ROUTE ] array (
  'type' => 'module',
  'module' => 
  array (
    0 => 'index',
    1 => 'index',
    2 => NULL,
  ),
)
[ info ] [ HEADER ] array (
  'host' => '127.0.0.1',
  'connection' => 'keep-alive',
  'cache-control' => 'max-age=0',
  'upgrade-insecure-requests' => '1',
  'user-agent' => 'Mozilla/5.0 (Windows NT 10.0; Win64; x64) AppleWebKit/537.36 (KHTML, like Gecko) Chrome/80.0.3987.106 Safari/537.36',
  'sec-fetch-dest' => 'document',
  'accept' => 'text/html,application/xhtml+xml,application/xml;q=0.9,image/webp,image/apng,*/*;q=0.8,application/signed-exchange;v=b3;q=0.9',
  'sec-fetch-site' => 'none',
  'sec-fetch-mode' => 'navigate',
  'sec-fetch-user' => '?1',
  'accept-encoding' => 'gzip, deflate, br',
  'accept-language' => 'zh-CN,zh;q=0.9',
)
[ info ] [ PARAM ] array (
)
[ info ] [ RUN ] app\index\controller\IndexController->index[ E:\phpstudy\PHPTutorial\WWW\mytp5\application\index\controller\IndexController.php ]
[ info ] [ VIEW ] E:\phpstudy\PHPTutorial\WWW\mytp5\public/../application/index\view\index\index.html [ array (
) ]
[ info ] [ LOG ] INIT File
---------------------------------------------------------------
[ 2020-03-30T22:53:08+08:00 ] 127.0.0.1 GET 127.0.0.1/mytp5/public/index/index/
[运行时间：0.029354s] [吞吐率：34.07req/s] [内存消耗：1,626.59kb] [文件加载：43]
[ info ] [ LANG ] E:\phpstudy\PHPTutorial\WWW\mytp5\thinkphp\lang\zh-cn.php
[ info ] [ ROUTE ] array (
  'type' => 'module',
  'module' => 
  array (
    0 => 'index',
    1 => 'index',
    2 => NULL,
  ),
)
[ info ] [ HEADER ] array (
  'host' => '127.0.0.1',
  'connection' => 'keep-alive',
  'cache-control' => 'max-age=0',
  'upgrade-insecure-requests' => '1',
  'user-agent' => 'Mozilla/5.0 (Windows NT 10.0; Win64; x64) AppleWebKit/537.36 (KHTML, like Gecko) Chrome/80.0.3987.106 Safari/537.36',
  'sec-fetch-dest' => 'document',
  'accept' => 'text/html,application/xhtml+xml,application/xml;q=0.9,image/webp,image/apng,*/*;q=0.8,application/signed-exchange;v=b3;q=0.9',
  'sec-fetch-site' => 'none',
  'sec-fetch-mode' => 'navigate',
  'sec-fetch-user' => '?1',
  'accept-encoding' => 'gzip, deflate, br',
  'accept-language' => 'zh-CN,zh;q=0.9',
)
[ info ] [ PARAM ] array (
)
[ info ] [ RUN ] app\index\controller\IndexController->index[ E:\phpstudy\PHPTutorial\WWW\mytp5\application\index\controller\IndexController.php ]
[ info ] [ VIEW ] E:\phpstudy\PHPTutorial\WWW\mytp5\public/../application/index\view\index\index.html [ array (
) ]
[ info ] [ LOG ] INIT File
